

Microchip MPLAB XC8 Assembler V2.50 build 20240725155939 
                                                                                               Tue Oct 15 13:00:05 2024

Microchip MPLAB XC8 C Compiler v2.50 (Free license) build 20240725155939 Og1 
     1                           	processor	16F84
     2                           	pagewidth 120
     3                           	opt	flic
     4                           	psect	idataBANK0,global,class=CODE,space=0,delta=2,noexec
     5                           	psect	cinit,global,class=CODE,space=0,merge=1,delta=2
     6                           	psect	bssBANK0,global,class=BANK0,space=1,delta=1,noexec
     7                           	psect	dataBANK0,global,class=BANK0,space=1,delta=1,noexec
     8                           	psect	cstackBANK0,global,class=BANK0,space=1,delta=1,noexec
     9                           	psect	maintext,global,class=CODE,space=0,split=1,delta=2
    10                           	psect	text1,local,class=CODE,space=0,merge=1,delta=2
    11                           	psect	text2,local,class=CODE,space=0,merge=1,delta=2
    12                           	psect	text3,local,class=CODE,space=0,merge=1,delta=2
    13                           	psect	intentry,global,class=CODE,space=0,delta=2
    14                           	psect	config,global,abs,ovrld,class=CONFIG,space=4,delta=2,noexec
    15                           	dabs	1,0x4E,2
    16     0000                     
    17                           ; Generated 12/10/2023 GMT
    18                           ; 
    19                           ; Copyright © 2023, Microchip Technology Inc. and its subsidiaries ("Microchip")
    20                           ; All rights reserved.
    21                           ; 
    22                           ; This software is developed by Microchip Technology Inc. and its subsidiaries ("Microch
      +                          ip").
    23                           ; 
    24                           ; Redistribution and use in source and binary forms, with or without modification, are
    25                           ; permitted provided that the following conditions are met:
    26                           ; 
    27                           ;     1. Redistributions of source code must retain the above copyright notice, this lis
      +                          t of
    28                           ;        conditions and the following disclaimer.
    29                           ; 
    30                           ;     2. Redistributions in binary form must reproduce the above copyright notice, this 
      +                          list
    31                           ;        of conditions and the following disclaimer in the documentation and/or other
    32                           ;        materials provided with the distribution. Publication is not required when
    33                           ;        this file is used in an embedded application.
    34                           ; 
    35                           ;     3. Microchip's name may not be used to endorse or promote products derived from th
      +                          is
    36                           ;        software without specific prior written permission.
    37                           ; 
    38                           ; THIS SOFTWARE IS PROVIDED BY MICROCHIP "AS IS" AND ANY EXPRESS OR IMPLIED WARRANTIES,
    39                           ; INCLUDING, BUT NOT LIMITED TO, THE IMPLIED WARRANTIES OF MERCHANTABILITY AND FITNESS F
      +                          OR
    40                           ; PURPOSE ARE DISCLAIMED.  IN NO EVENT SHALL MICROCHIP BE LIABLE FOR ANY DIRECT, INDIREC
      +                          T,
    41                           ; INCIDENTAL, SPECIAL, EXEMPLARY, OR CONSEQUENTIAL DAMAGES (INCLUDING BUT NOT LIMITED TO
    42                           ; PROCUREMENT OF SUBSTITUTE GOODS OR SERVICES; LOSS OF USE, DATA OR PROFITS; OR BUSINESS
    43                           ; INTERRUPTION) HOWSOEVER CAUSED AND ON ANY THEORY OF LIABILITY, WHETHER IN CONTRACT, ST
      +                          RICT
    44                           ; LIABILITY, OR TORT (INCLUDING NEGLIGENCE OR OTHERWISE) ARISING IN ANY WAY OUT OF THE U
      +                          SE OF
    45                           ; THIS SOFTWARE, EVEN IF ADVISED OF THE POSSIBILITY OF SUCH DAMAGE.
    46                           ; 
    47                           ; 
    48                           ; Code-generator required, PIC16F84 Definitions
    49                           ; 
    50                           ; SFR Addresses
    51     0004                     fsr             equ	4
    52     0004                     fsr0            equ	4
    53     0000                     indf            equ	0
    54     0000                     indf0           equ	0
    55     0002                     pc              equ	2
    56     0002                     pcl             equ	2
    57     000A                     pclath          equ	10
    58     0003                     status          equ	3
    59     0000                     INDF            equ	0	;# 
    60     0001                     TMR0            equ	1	;# 
    61     0002                     PCL             equ	2	;# 
    62     0003                     STATUS          equ	3	;# 
    63     0004                     FSR             equ	4	;# 
    64     0005                     PORTA           equ	5	;# 
    65     0006                     PORTB           equ	6	;# 
    66     0008                     EEDATA          equ	8	;# 
    67     0009                     EEADR           equ	9	;# 
    68     000A                     PCLATH          equ	10	;# 
    69     000B                     INTCON          equ	11	;# 
    70     0081                     OPTION_REG      equ	129	;# 
    71     0085                     TRISA           equ	133	;# 
    72     0086                     TRISB           equ	134	;# 
    73     0088                     EECON1          equ	136	;# 
    74     0089                     EECON2          equ	137	;# 
    75     0000                     INDF            equ	0	;# 
    76     0001                     TMR0            equ	1	;# 
    77     0002                     PCL             equ	2	;# 
    78     0003                     STATUS          equ	3	;# 
    79     0004                     FSR             equ	4	;# 
    80     0005                     PORTA           equ	5	;# 
    81     0006                     PORTB           equ	6	;# 
    82     0008                     EEDATA          equ	8	;# 
    83     0009                     EEADR           equ	9	;# 
    84     000A                     PCLATH          equ	10	;# 
    85     000B                     INTCON          equ	11	;# 
    86     0081                     OPTION_REG      equ	129	;# 
    87     0085                     TRISA           equ	133	;# 
    88     0086                     TRISB           equ	134	;# 
    89     0088                     EECON1          equ	136	;# 
    90     0089                     EECON2          equ	137	;# 
    91                           
    92                           	psect	idataBANK0
    93     016F                     __pidataBANK0:
    94                           
    95                           ;initializer for _counter_value
    96     016F  3405               	retlw	5
    97     0006                     _PORTBbits      set	6
    98     0005                     _PORTAbits      set	5
    99     000B                     _INTCONbits     set	11
   100     0081                     _OPTION_REGbits set	129
   101     0086                     _TRISB          set	134
   102     0085                     _TRISA          set	133
   103                           
   104                           	psect	cinit
   105     000C                     start_initialization:	
   106                           ; #config settings
   107                           
   108     000C                     __initialization:
   109                           
   110                           ; Initialize objects allocated to BANK0
   111     000C  216F               	fcall	__pidataBANK0	;fetch initializer
   112     000D  0098               	movwf	__pdataBANK0& (0+127)
   113                           
   114                           ; Clear objects allocated to BANK0
   115     000E  0197               	clrf	__pbssBANK0& (0+127)
   116     000F                     end_of_initialization:	
   117                           ;End of C runtime variable initialization code
   118                           
   119     000F                     __end_of__initialization:
   120     000F  0183               	clrf	3
   121     0010  2811               	ljmp	_main	;jump to C main() function
   122                           
   123                           	psect	bssBANK0
   124     0017                     __pbssBANK0:
   125     0017                     _counter:
   126     0017                     	ds	1
   127                           
   128                           	psect	dataBANK0
   129     0018                     __pdataBANK0:
   130     0018                     _counter_value:
   131     0018                     	ds	1
   132                           
   133                           	psect	cstackBANK0
   134     000C                     __pcstackBANK0:
   135     000C                     ?_isr:
   136     000C                     ?_showNumber:	
   137                           ; 1 bytes @ 0x0
   138                           
   139     000C                     ?_triggerCountdown:	
   140                           ; 1 bytes @ 0x0
   141                           
   142     000C                     ?_main:	
   143                           ; 1 bytes @ 0x0
   144                           
   145     000C                     ??_isr:	
   146                           ; 1 bytes @ 0x0
   147                           
   148                           
   149                           ; 1 bytes @ 0x0
   150     000C                     	ds	2
   151     000E                     ??_showNumber:
   152                           
   153                           ; 1 bytes @ 0x2
   154     000E                     	ds	2
   155     0010                     showNumber@n:
   156                           
   157                           ; 1 bytes @ 0x4
   158     0010                     	ds	1
   159     0011                     ??_triggerCountdown:
   160                           
   161                           ; 1 bytes @ 0x5
   162     0011                     	ds	3
   163     0014                     ??_main:
   164                           
   165                           ; 1 bytes @ 0x8
   166     0014                     	ds	3
   167                           
   168                           	psect	maintext
   169     0011                     __pmaintext:	
   170 ;;
   171 ;;Main: autosize = 0, tempsize = 3, incstack = 0, save=0
   172 ;;
   173 ;; *************** function _main *****************
   174 ;; Defined at:
   175 ;;		line 85 in file "main.c"
   176 ;; Parameters:    Size  Location     Type
   177 ;;		None
   178 ;; Auto vars:     Size  Location     Type
   179 ;;		None
   180 ;; Return value:  Size  Location     Type
   181 ;;                  1    wreg      void 
   182 ;; Registers used:
   183 ;;		wreg, status,2, status,0, pclath, cstack
   184 ;; Tracked objects:
   185 ;;		On entry : B00/0
   186 ;;		On exit  : 0/0
   187 ;;		Unchanged: 0/0
   188 ;; Data sizes:     COMMON   BANK0
   189 ;;      Params:         0       0
   190 ;;      Locals:         0       0
   191 ;;      Temps:          0       3
   192 ;;      Totals:         0       3
   193 ;;Total ram usage:        3 bytes
   194 ;; Hardware stack levels required when called: 3
   195 ;; This function calls:
   196 ;;		_showNumber
   197 ;;		_triggerCountdown
   198 ;; This function is called by:
   199 ;;		Startup code after reset
   200 ;; This function uses a non-reentrant model
   201 ;;
   202                           
   203     0011                     _main:	
   204                           ;psect for function _main
   205                           
   206     0011                     l743:	
   207                           ;incstack = 0
   208                           ; Regs used in _main: [wreg+status,2+status,0+pclath+cstack]
   209                           
   210                           
   211                           ;main.c: 86:     TRISA = 0b00000000;
   212     0011  1683               	bsf	3,5	;RP0=1, select bank1
   213     0012  0185               	clrf	5	;volatile
   214     0013                     l745:
   215                           
   216                           ;main.c: 87:     TRISB = 0b00000111;
   217     0013  3007               	movlw	7
   218     0014  0086               	movwf	6	;volatile
   219     0015                     l747:
   220                           
   221                           ;main.c: 88:     OPTION_REGbits.nRBPU = 1;
   222     0015  1781               	bsf	1,7	;volatile
   223     0016                     l749:
   224                           
   225                           ;main.c: 89:     OPTION_REGbits.INTEDG = 1;
   226     0016  1701               	bsf	1,6	;volatile
   227     0017                     l751:
   228                           
   229                           ;main.c: 90:  OPTION_REGbits.T0CS = 0;
   230     0017  1281               	bcf	1,5	;volatile
   231     0018                     l753:
   232                           
   233                           ;main.c: 91:     INTCONbits.INTE = 1;
   234     0018  160B               	bsf	11,4	;volatile
   235     0019                     l755:
   236                           
   237                           ;main.c: 92:     INTCONbits.GIE = 1;
   238     0019  178B               	bsf	11,7	;volatile
   239     001A                     l757:
   240                           
   241                           ;main.c: 93:     INTCONbits.INTF = 0;
   242     001A  108B               	bcf	11,1	;volatile
   243     001B                     l759:
   244                           
   245                           ;main.c: 94:     PORTBbits.RB3 = 0;
   246     001B  1283               	bcf	3,5	;RP0=0, select bank0
   247     001C  1186               	bcf	6,3	;volatile
   248     001D                     l761:
   249                           
   250                           ;main.c: 96:  PORTBbits.RB7 = 1;
   251     001D  1786               	bsf	6,7	;volatile
   252     001E                     l763:
   253                           
   254                           ;main.c: 97:  _delay((unsigned long)((100)*(4000000/4000.0)));
   255     001E  3082               	movlw	130
   256     001F  0095               	movwf	??_main+1
   257     0020  30DD               	movlw	221
   258     0021  0094               	movwf	??_main
   259     0022                     u237:
   260     0022  0B94               	decfsz	??_main,f
   261     0023  2822               	goto	u237
   262     0024  0B95               	decfsz	??_main+1,f
   263     0025  2822               	goto	u237
   264     0026  2827               	nop2
   265     0027                     l765:
   266                           
   267                           ;main.c: 98:  PORTBbits.RB7 = 0;
   268     0027  1283               	bcf	3,5	;RP0=0, select bank0
   269     0028  1386               	bcf	6,7	;volatile
   270     0029                     l767:
   271                           
   272                           ;main.c: 99:  _delay((unsigned long)((100)*(4000000/4000.0)));
   273     0029  3082               	movlw	130
   274     002A  0095               	movwf	??_main+1
   275     002B  30DD               	movlw	221
   276     002C  0094               	movwf	??_main
   277     002D                     u247:
   278     002D  0B94               	decfsz	??_main,f
   279     002E  282D               	goto	u247
   280     002F  0B95               	decfsz	??_main+1,f
   281     0030  282D               	goto	u247
   282     0031  2832               	nop2
   283     0032                     l769:
   284                           
   285                           ;main.c: 100:  PORTBbits.RB7 = 1;
   286     0032  1283               	bcf	3,5	;RP0=0, select bank0
   287     0033  1786               	bsf	6,7	;volatile
   288     0034                     l771:
   289                           
   290                           ;main.c: 101:  _delay((unsigned long)((100)*(4000000/4000.0)));
   291     0034  3082               	movlw	130
   292     0035  0095               	movwf	??_main+1
   293     0036  30DD               	movlw	221
   294     0037  0094               	movwf	??_main
   295     0038                     u257:
   296     0038  0B94               	decfsz	??_main,f
   297     0039  2838               	goto	u257
   298     003A  0B95               	decfsz	??_main+1,f
   299     003B  2838               	goto	u257
   300     003C  283D               	nop2
   301     003D                     l773:
   302                           
   303                           ;main.c: 102:  PORTBbits.RB7 = 0;
   304     003D  1283               	bcf	3,5	;RP0=0, select bank0
   305     003E  1386               	bcf	6,7	;volatile
   306     003F                     l775:
   307                           
   308                           ;main.c: 103:  _delay((unsigned long)((100)*(4000000/4000.0)));
   309     003F  3082               	movlw	130
   310     0040  0095               	movwf	??_main+1
   311     0041  30DD               	movlw	221
   312     0042  0094               	movwf	??_main
   313     0043                     u267:
   314     0043  0B94               	decfsz	??_main,f
   315     0044  2843               	goto	u267
   316     0045  0B95               	decfsz	??_main+1,f
   317     0046  2843               	goto	u267
   318     0047  2848               	nop2
   319     0048                     l777:
   320                           
   321                           ;main.c: 104:  PORTBbits.RB7 = 1;
   322     0048  1283               	bcf	3,5	;RP0=0, select bank0
   323     0049  1786               	bsf	6,7	;volatile
   324     004A                     l779:
   325                           
   326                           ;main.c: 105:  _delay((unsigned long)((100)*(4000000/4000.0)));
   327     004A  3082               	movlw	130
   328     004B  0095               	movwf	??_main+1
   329     004C  30DD               	movlw	221
   330     004D  0094               	movwf	??_main
   331     004E                     u277:
   332     004E  0B94               	decfsz	??_main,f
   333     004F  284E               	goto	u277
   334     0050  0B95               	decfsz	??_main+1,f
   335     0051  284E               	goto	u277
   336     0052  2853               	nop2
   337     0053                     l781:
   338                           
   339                           ;main.c: 106:  PORTBbits.RB7 = 0;
   340     0053  1283               	bcf	3,5	;RP0=0, select bank0
   341     0054  1386               	bcf	6,7	;volatile
   342     0055                     l783:
   343                           
   344                           ;main.c: 107:  _delay((unsigned long)((100)*(4000000/4000.0)));
   345     0055  3082               	movlw	130
   346     0056  0095               	movwf	??_main+1
   347     0057  30DD               	movlw	221
   348     0058  0094               	movwf	??_main
   349     0059                     u287:
   350     0059  0B94               	decfsz	??_main,f
   351     005A  2859               	goto	u287
   352     005B  0B95               	decfsz	??_main+1,f
   353     005C  2859               	goto	u287
   354     005D  285E               	nop2
   355     005E                     l785:
   356                           
   357                           ;main.c: 108:  PORTBbits.RB7 = 1;
   358     005E  1283               	bcf	3,5	;RP0=0, select bank0
   359     005F  1786               	bsf	6,7	;volatile
   360     0060                     l787:
   361                           
   362                           ;main.c: 109:  _delay((unsigned long)((800)*(4000000/4000.0)));
   363     0060  3005               	movlw	5
   364     0061  0096               	movwf	??_main+2
   365     0062  300F               	movlw	15
   366     0063  0095               	movwf	??_main+1
   367     0064  30F1               	movlw	241
   368     0065  0094               	movwf	??_main
   369     0066                     u297:
   370     0066  0B94               	decfsz	??_main,f
   371     0067  2866               	goto	u297
   372     0068  0B95               	decfsz	??_main+1,f
   373     0069  2866               	goto	u297
   374     006A  0B96               	decfsz	??_main+2,f
   375     006B  2866               	goto	u297
   376     006C                     l789:
   377                           
   378                           ;main.c: 110:  PORTBbits.RB7 = 0;
   379     006C  1283               	bcf	3,5	;RP0=0, select bank0
   380     006D  1386               	bcf	6,7	;volatile
   381     006E                     l791:
   382                           
   383                           ;main.c: 114:         showNumber(counter_value);
   384     006E  1283               	bcf	3,5	;RP0=0, select bank0
   385     006F  0818               	movf	_counter_value,w
   386     0070  2118               	fcall	_showNumber
   387     0071                     l793:
   388                           
   389                           ;main.c: 115:         if(PORTBbits.RB1) {
   390     0071  1283               	bcf	3,5	;RP0=0, select bank0
   391     0072  1C86               	btfss	6,1	;volatile
   392     0073  2875               	goto	u221
   393     0074  2876               	goto	u220
   394     0075                     u221:
   395     0075  28B8               	goto	l811
   396     0076                     u220:
   397     0076                     l795:
   398                           
   399                           ;main.c: 116:             PORTBbits.RB7 = 1;
   400     0076  1786               	bsf	6,7	;volatile
   401     0077                     l797:
   402                           
   403                           ;main.c: 117:             _delay((unsigned long)((100)*(4000000/4000.0)));
   404     0077  3082               	movlw	130
   405     0078  0095               	movwf	??_main+1
   406     0079  30DD               	movlw	221
   407     007A  0094               	movwf	??_main
   408     007B                     u307:
   409     007B  0B94               	decfsz	??_main,f
   410     007C  287B               	goto	u307
   411     007D  0B95               	decfsz	??_main+1,f
   412     007E  287B               	goto	u307
   413     007F  2880               	nop2
   414     0080                     l799:
   415                           
   416                           ;main.c: 118:             PORTBbits.RB7 = 0;
   417     0080  1283               	bcf	3,5	;RP0=0, select bank0
   418     0081  1386               	bcf	6,7	;volatile
   419                           
   420                           ;main.c: 119:             _delay((unsigned long)((100)*(4000000/4000.0)));
   421     0082  3082               	movlw	130
   422     0083  0095               	movwf	??_main+1
   423     0084  30DD               	movlw	221
   424     0085  0094               	movwf	??_main
   425     0086                     u317:
   426     0086  0B94               	decfsz	??_main,f
   427     0087  2886               	goto	u317
   428     0088  0B95               	decfsz	??_main+1,f
   429     0089  2886               	goto	u317
   430     008A  288B               	nop2
   431     008B                     l801:
   432                           
   433                           ;main.c: 120:             PORTBbits.RB7 = 1;
   434     008B  1283               	bcf	3,5	;RP0=0, select bank0
   435     008C  1786               	bsf	6,7	;volatile
   436                           
   437                           ;main.c: 121:             _delay((unsigned long)((100)*(4000000/4000.0)));
   438     008D  3082               	movlw	130
   439     008E  0095               	movwf	??_main+1
   440     008F  30DD               	movlw	221
   441     0090  0094               	movwf	??_main
   442     0091                     u327:
   443     0091  0B94               	decfsz	??_main,f
   444     0092  2891               	goto	u327
   445     0093  0B95               	decfsz	??_main+1,f
   446     0094  2891               	goto	u327
   447     0095  2896               	nop2
   448     0096                     l803:
   449                           
   450                           ;main.c: 122:             PORTBbits.RB7 = 0;
   451     0096  1283               	bcf	3,5	;RP0=0, select bank0
   452     0097  1386               	bcf	6,7	;volatile
   453                           
   454                           ;main.c: 123:             _delay((unsigned long)((100)*(4000000/4000.0)));
   455     0098  3082               	movlw	130
   456     0099  0095               	movwf	??_main+1
   457     009A  30DD               	movlw	221
   458     009B  0094               	movwf	??_main
   459     009C                     u337:
   460     009C  0B94               	decfsz	??_main,f
   461     009D  289C               	goto	u337
   462     009E  0B95               	decfsz	??_main+1,f
   463     009F  289C               	goto	u337
   464     00A0  28A1               	nop2
   465     00A1                     l805:
   466                           
   467                           ;main.c: 124:             PORTBbits.RB7 = 1;
   468     00A1  1283               	bcf	3,5	;RP0=0, select bank0
   469     00A2  1786               	bsf	6,7	;volatile
   470                           
   471                           ;main.c: 125:             _delay((unsigned long)((100)*(4000000/4000.0)));
   472     00A3  3082               	movlw	130
   473     00A4  0095               	movwf	??_main+1
   474     00A5  30DD               	movlw	221
   475     00A6  0094               	movwf	??_main
   476     00A7                     u347:
   477     00A7  0B94               	decfsz	??_main,f
   478     00A8  28A7               	goto	u347
   479     00A9  0B95               	decfsz	??_main+1,f
   480     00AA  28A7               	goto	u347
   481     00AB  28AC               	nop2
   482     00AC                     l807:
   483                           
   484                           ;main.c: 126:             PORTBbits.RB7 = 0;
   485     00AC  1283               	bcf	3,5	;RP0=0, select bank0
   486     00AD  1386               	bcf	6,7	;volatile
   487                           
   488                           ;main.c: 127:             _delay((unsigned long)((100)*(4000000/4000.0)));
   489     00AE  3082               	movlw	130
   490     00AF  0095               	movwf	??_main+1
   491     00B0  30DD               	movlw	221
   492     00B1  0094               	movwf	??_main
   493     00B2                     u357:
   494     00B2  0B94               	decfsz	??_main,f
   495     00B3  28B2               	goto	u357
   496     00B4  0B95               	decfsz	??_main+1,f
   497     00B5  28B2               	goto	u357
   498     00B6  28B7               	nop2
   499     00B7                     l809:
   500                           
   501                           ;main.c: 128:             triggerCountdown();
   502     00B7  20C5               	fcall	_triggerCountdown
   503     00B8                     l811:
   504                           
   505                           ;main.c: 130:         _delay((unsigned long)((50)*(4000000/4000.0)));
   506     00B8  3041               	movlw	65
   507     00B9  1283               	bcf	3,5	;RP0=0, select bank0
   508     00BA  0095               	movwf	??_main+1
   509     00BB  30EE               	movlw	238
   510     00BC  0094               	movwf	??_main
   511     00BD                     u367:
   512     00BD  0B94               	decfsz	??_main,f
   513     00BE  28BD               	goto	u367
   514     00BF  0B95               	decfsz	??_main+1,f
   515     00C0  28BD               	goto	u367
   516     00C1  0000               	nop
   517     00C2  0064               	clrwdt	;# 
   518     00C3  286E               	goto	l791
   519     00C4  280B               	ljmp	start
   520     00C5                     __end_of_main:
   521                           
   522                           	psect	text1
   523     00C5                     __ptext1:	
   524 ;; *************** function _triggerCountdown *****************
   525 ;; Defined at:
   526 ;;		line 47 in file "main.c"
   527 ;; Parameters:    Size  Location     Type
   528 ;;		None
   529 ;; Auto vars:     Size  Location     Type
   530 ;;		None
   531 ;; Return value:  Size  Location     Type
   532 ;;                  1    wreg      void 
   533 ;; Registers used:
   534 ;;		wreg, status,2, status,0, pclath, cstack
   535 ;; Tracked objects:
   536 ;;		On entry : 0/0
   537 ;;		On exit  : 0/0
   538 ;;		Unchanged: 0/0
   539 ;; Data sizes:     COMMON   BANK0
   540 ;;      Params:         0       0
   541 ;;      Locals:         0       0
   542 ;;      Temps:          0       3
   543 ;;      Totals:         0       3
   544 ;;Total ram usage:        3 bytes
   545 ;; Hardware stack levels used: 1
   546 ;; Hardware stack levels required when called: 2
   547 ;; This function calls:
   548 ;;		_showNumber
   549 ;; This function is called by:
   550 ;;		_main
   551 ;; This function uses a non-reentrant model
   552 ;;
   553                           
   554     00C5                     _triggerCountdown:	
   555                           ;psect for function _triggerCountdown
   556                           
   557     00C5                     l31:	
   558                           ;incstack = 0
   559                           ; Regs used in _triggerCountdown: [wreg+status,2+status,0+pclath+cstack]
   560                           ;main.c: 48:     do {
   561                           
   562     00C5                     l705:
   563                           
   564                           ;main.c: 49:         counter = counter_value;
   565     00C5  1283               	bcf	3,5	;RP0=0, select bank0
   566     00C6  0818               	movf	_counter_value,w
   567     00C7  0097               	movwf	_counter
   568     00C8                     l707:
   569                           
   570                           ;main.c: 50:   INTCONbits.GIE = 0;
   571     00C8  138B               	bcf	11,7	;volatile
   572     00C9                     l709:
   573                           
   574                           ;main.c: 51:         showNumber(counter);
   575     00C9  0817               	movf	_counter,w
   576     00CA  2118               	fcall	_showNumber
   577                           
   578                           ;main.c: 53:   while(PORTBbits.RB2) {
   579     00CB  290A               	goto	l32
   580     00CC                     l711:
   581                           
   582                           ;main.c: 54:    showNumber(counter);
   583     00CC  0817               	movf	_counter,w
   584     00CD  2118               	fcall	_showNumber
   585     00CE                     l713:
   586                           
   587                           ;main.c: 55:    PORTBbits.RB7 = 1;
   588     00CE  1283               	bcf	3,5	;RP0=0, select bank0
   589     00CF  1786               	bsf	6,7	;volatile
   590     00D0                     l715:
   591                           
   592                           ;main.c: 56:    _delay((unsigned long)((200)*(4000000/4000.0)));
   593     00D0  3002               	movlw	2
   594     00D1  0093               	movwf	??_triggerCountdown+2
   595     00D2  3004               	movlw	4
   596     00D3  0092               	movwf	??_triggerCountdown+1
   597     00D4  30BA               	movlw	186
   598     00D5  0091               	movwf	??_triggerCountdown
   599     00D6                     u377:
   600     00D6  0B91               	decfsz	??_triggerCountdown,f
   601     00D7  28D6               	goto	u377
   602     00D8  0B92               	decfsz	??_triggerCountdown+1,f
   603     00D9  28D6               	goto	u377
   604     00DA  0B93               	decfsz	??_triggerCountdown+2,f
   605     00DB  28D6               	goto	u377
   606     00DC  0000               	nop
   607     00DD                     l717:
   608                           
   609                           ;main.c: 57:    PORTBbits.RB7 = 0;
   610     00DD  1283               	bcf	3,5	;RP0=0, select bank0
   611     00DE  1386               	bcf	6,7	;volatile
   612     00DF                     l719:
   613                           
   614                           ;main.c: 58:    _delay((unsigned long)((800)*(4000000/4000.0)));
   615     00DF  3005               	movlw	5
   616     00E0  0093               	movwf	??_triggerCountdown+2
   617     00E1  300F               	movlw	15
   618     00E2  0092               	movwf	??_triggerCountdown+1
   619     00E3  30F1               	movlw	241
   620     00E4  0091               	movwf	??_triggerCountdown
   621     00E5                     u387:
   622     00E5  0B91               	decfsz	??_triggerCountdown,f
   623     00E6  28E5               	goto	u387
   624     00E7  0B92               	decfsz	??_triggerCountdown+1,f
   625     00E8  28E5               	goto	u387
   626     00E9  0B93               	decfsz	??_triggerCountdown+2,f
   627     00EA  28E5               	goto	u387
   628     00EB                     l721:
   629                           
   630                           ;main.c: 59:    counter--;
   631     00EB  3001               	movlw	1
   632     00EC  1283               	bcf	3,5	;RP0=0, select bank0
   633     00ED  0297               	subwf	_counter,f
   634     00EE                     l723:
   635                           
   636                           ;main.c: 61:    if (counter < 1 && PORTBbits.RB2) {
   637     00EE  0817               	movf	_counter,w
   638     00EF  1D03               	btfss	3,2
   639     00F0  28F2               	goto	u141
   640     00F1  28F3               	goto	u140
   641     00F2                     u141:
   642     00F2  2909               	goto	l34
   643     00F3                     u140:
   644     00F3                     l725:
   645     00F3  1D06               	btfss	6,2	;volatile
   646     00F4  28F6               	goto	u151
   647     00F5  28F7               	goto	u150
   648     00F6                     u151:
   649     00F6  2909               	goto	l34
   650     00F7                     u150:
   651     00F7                     l727:
   652                           
   653                           ;main.c: 62:     showNumber(counter);
   654     00F7  0817               	movf	_counter,w
   655     00F8  2118               	fcall	_showNumber
   656     00F9                     l729:
   657                           
   658                           ;main.c: 63:     PORTBbits.RB3 = 1;
   659     00F9  1283               	bcf	3,5	;RP0=0, select bank0
   660     00FA  1586               	bsf	6,3	;volatile
   661     00FB                     l731:
   662                           
   663                           ;main.c: 64:     PORTBbits.RB7 = 1;
   664     00FB  1786               	bsf	6,7	;volatile
   665     00FC  0064               	clrwdt	;# 
   666                           
   667                           ;main.c: 66:     while(PORTBbits.RB2) {
   668     00FD  2901               	goto	l35
   669     00FE                     l36:
   670                           
   671                           ;main.c: 67:      PORTBbits.RB3 = 1;
   672     00FE  1586               	bsf	6,3	;volatile
   673                           
   674                           ;main.c: 68:      PORTBbits.RB7 = 1;
   675     00FF  1786               	bsf	6,7	;volatile
   676     0100  0064               	clrwdt	;# 
   677     0101                     l35:	
   678                           ;main.c: 70:     }
   679                           
   680                           
   681                           ;main.c: 66:     while(PORTBbits.RB2) {
   682     0101  1283               	bcf	3,5	;RP0=0, select bank0
   683     0102  1906               	btfsc	6,2	;volatile
   684     0103  2905               	goto	u161
   685     0104  2906               	goto	u160
   686     0105                     u161:
   687     0105  28FE               	goto	l36
   688     0106                     u160:
   689     0106                     l37:
   690                           
   691                           ;main.c: 71:     PORTBbits.RB3 = 0;
   692     0106  1186               	bcf	6,3	;volatile
   693                           
   694                           ;main.c: 72:     PORTBbits.RB7 = 0;
   695     0107  1386               	bcf	6,7	;volatile
   696                           
   697                           ;main.c: 73:     return;
   698     0108  2917               	goto	l38
   699     0109                     l34:	
   700                           ;main.c: 74:    }
   701                           
   702     0109  0064               	clrwdt	;# 
   703     010A                     l32:	
   704                           ;main.c: 76:   }
   705                           
   706                           
   707                           ;main.c: 53:   while(PORTBbits.RB2) {
   708     010A  1283               	bcf	3,5	;RP0=0, select bank0
   709     010B  1906               	btfsc	6,2	;volatile
   710     010C  290E               	goto	u171
   711     010D  290F               	goto	u170
   712     010E                     u171:
   713     010E  28CC               	goto	l711
   714     010F                     u170:
   715     010F                     l39:
   716     010F  0064               	clrwdt	;# 
   717                           
   718                           ;main.c: 78:     }
   719     0110  1283               	bcf	3,5	;RP0=0, select bank0
   720     0111  1886               	btfsc	6,1	;volatile
   721     0112  2914               	goto	u181
   722     0113  2915               	goto	u180
   723     0114                     u181:
   724     0114  28C5               	goto	l31
   725     0115                     u180:
   726     0115                     l40:
   727                           
   728                           ;main.c: 81:  INTCONbits.GIE = 1;
   729     0115  178B               	bsf	11,7	;volatile
   730     0116  0064               	clrwdt	;# 
   731     0117                     l38:
   732     0117  0008               	return
   733     0118                     __end_of_triggerCountdown:
   734                           
   735                           	psect	text2
   736     0118                     __ptext2:	
   737 ;; *************** function _showNumber *****************
   738 ;; Defined at:
   739 ;;		line 40 in file "main.c"
   740 ;; Parameters:    Size  Location     Type
   741 ;;  n               1    wreg     unsigned char 
   742 ;; Auto vars:     Size  Location     Type
   743 ;;  n               1    4[BANK0 ] unsigned char 
   744 ;; Return value:  Size  Location     Type
   745 ;;                  1    wreg      void 
   746 ;; Registers used:
   747 ;;		wreg, status,2, status,0
   748 ;; Tracked objects:
   749 ;;		On entry : 0/0
   750 ;;		On exit  : 0/0
   751 ;;		Unchanged: 0/0
   752 ;; Data sizes:     COMMON   BANK0
   753 ;;      Params:         0       0
   754 ;;      Locals:         0       1
   755 ;;      Temps:          0       2
   756 ;;      Totals:         0       3
   757 ;;Total ram usage:        3 bytes
   758 ;; Hardware stack levels used: 1
   759 ;; Hardware stack levels required when called: 1
   760 ;; This function calls:
   761 ;;		Nothing
   762 ;; This function is called by:
   763 ;;		_triggerCountdown
   764 ;;		_main
   765 ;; This function uses a non-reentrant model
   766 ;;
   767                           
   768     0118                     _showNumber:	
   769                           ;psect for function _showNumber
   770                           
   771                           
   772                           ;incstack = 0
   773                           ; Regs used in _showNumber: [wreg+status,2+status,0]
   774                           ;showNumber@n stored from wreg
   775     0118  1283               	bcf	3,5	;RP0=0, select bank0
   776     0119  0090               	movwf	showNumber@n
   777     011A                     l703:
   778                           
   779                           ;main.c: 41:     PORTAbits.RA0 = n & 0x01;
   780     011A  3001               	movlw	1
   781     011B  0510               	andwf	showNumber@n,w
   782     011C  008E               	movwf	??_showNumber
   783     011D  0805               	movf	5,w	;volatile
   784     011E  060E               	xorwf	??_showNumber,w
   785     011F  39FE               	andlw	-2
   786     0120  060E               	xorwf	??_showNumber,w
   787     0121  0085               	movwf	5	;volatile
   788                           
   789                           ;main.c: 42:     PORTAbits.RA1 = (n >> 1) & 0x01;
   790     0122  0810               	movf	showNumber@n,w
   791     0123  008E               	movwf	??_showNumber
   792     0124  1003               	clrc
   793     0125  0C0E               	rrf	??_showNumber,w
   794     0126  3901               	andlw	1
   795     0127  008F               	movwf	??_showNumber+1
   796     0128  0D8F               	rlf	??_showNumber+1,f
   797     0129  0805               	movf	5,w	;volatile
   798     012A  060F               	xorwf	??_showNumber+1,w
   799     012B  39FD               	andlw	-3
   800     012C  060F               	xorwf	??_showNumber+1,w
   801     012D  0085               	movwf	5	;volatile
   802                           
   803                           ;main.c: 43:     PORTAbits.RA2 = (n >> 2) & 0x01;
   804     012E  0810               	movf	showNumber@n,w
   805     012F  008E               	movwf	??_showNumber
   806     0130  3002               	movlw	2
   807     0131                     u125:
   808     0131  1003               	clrc
   809     0132  0C8E               	rrf	??_showNumber,f
   810     0133  3EFF               	addlw	-1
   811     0134  1D03               	skipz
   812     0135  2931               	goto	u125
   813     0136  080E               	movf	??_showNumber,w
   814     0137  3901               	andlw	1
   815     0138  008F               	movwf	??_showNumber+1
   816     0139  0D8F               	rlf	??_showNumber+1,f
   817     013A  0D8F               	rlf	??_showNumber+1,f
   818     013B  0805               	movf	5,w	;volatile
   819     013C  060F               	xorwf	??_showNumber+1,w
   820     013D  39FB               	andlw	-5
   821     013E  060F               	xorwf	??_showNumber+1,w
   822     013F  0085               	movwf	5	;volatile
   823                           
   824                           ;main.c: 44:     PORTAbits.RA3 = (n >> 3) & 0x01;
   825     0140  0810               	movf	showNumber@n,w
   826     0141  008E               	movwf	??_showNumber
   827     0142  3003               	movlw	3
   828     0143                     u135:
   829     0143  1003               	clrc
   830     0144  0C8E               	rrf	??_showNumber,f
   831     0145  3EFF               	addlw	-1
   832     0146  1D03               	skipz
   833     0147  2943               	goto	u135
   834     0148  080E               	movf	??_showNumber,w
   835     0149  3901               	andlw	1
   836     014A  008F               	movwf	??_showNumber+1
   837     014B  0D8F               	rlf	??_showNumber+1,f
   838     014C  0D8F               	rlf	??_showNumber+1,f
   839     014D  0D8F               	rlf	??_showNumber+1,f
   840     014E  0805               	movf	5,w	;volatile
   841     014F  060F               	xorwf	??_showNumber+1,w
   842     0150  39F7               	andlw	-9
   843     0151  060F               	xorwf	??_showNumber+1,w
   844     0152  0085               	movwf	5	;volatile
   845     0153                     l28:
   846     0153  0008               	return
   847     0154                     __end_of_showNumber:
   848                           
   849                           	psect	text3
   850     0154                     __ptext3:	
   851 ;; *************** function _isr *****************
   852 ;; Defined at:
   853 ;;		line 28 in file "main.c"
   854 ;; Parameters:    Size  Location     Type
   855 ;;		None
   856 ;; Auto vars:     Size  Location     Type
   857 ;;		None
   858 ;; Return value:  Size  Location     Type
   859 ;;                  1    wreg      void 
   860 ;; Registers used:
   861 ;;		wreg, status,2, status,0
   862 ;; Tracked objects:
   863 ;;		On entry : 0/0
   864 ;;		On exit  : 0/0
   865 ;;		Unchanged: 0/0
   866 ;; Data sizes:     COMMON   BANK0
   867 ;;      Params:         0       0
   868 ;;      Locals:         0       0
   869 ;;      Temps:          0       2
   870 ;;      Totals:         0       2
   871 ;;Total ram usage:        2 bytes
   872 ;; Hardware stack levels used: 1
   873 ;; This function calls:
   874 ;;		Nothing
   875 ;; This function is called by:
   876 ;;		Interrupt level 1
   877 ;; This function uses a non-reentrant model
   878 ;;
   879                           
   880     0154                     _isr:	
   881                           ;psect for function _isr
   882                           
   883     0154                     i1l733:
   884                           
   885                           ;main.c: 29:     if(INTCONbits.INTE && INTCONbits.INTF){
   886     0154  1E0B               	btfss	11,4	;volatile
   887     0155  2957               	goto	u19_21
   888     0156  2958               	goto	u19_20
   889     0157                     u19_21:
   890     0157  2968               	goto	i1l25
   891     0158                     u19_20:
   892     0158                     i1l735:
   893     0158  1C8B               	btfss	11,1	;volatile
   894     0159  295B               	goto	u20_21
   895     015A  295C               	goto	u20_20
   896     015B                     u20_21:
   897     015B  2968               	goto	i1l25
   898     015C                     u20_20:
   899     015C                     i1l737:
   900                           
   901                           ;main.c: 30:         INTCONbits.GIE = 0;
   902     015C  138B               	bcf	11,7	;volatile
   903     015D                     i1l739:
   904                           
   905                           ;main.c: 31:         counter_value--;
   906     015D  3001               	movlw	1
   907     015E  0298               	subwf	_counter_value,f
   908                           
   909                           ;main.c: 32:         if(counter_value < 1) {
   910     015F  0818               	movf	_counter_value,w
   911     0160  1D03               	btfss	3,2
   912     0161  2963               	goto	u21_21
   913     0162  2964               	goto	u21_20
   914     0163                     u21_21:
   915     0163  2966               	goto	i1l24
   916     0164                     u21_20:
   917     0164                     i1l741:
   918                           
   919                           ;main.c: 33:             counter_value = 9;
   920     0164  3009               	movlw	9
   921     0165  0098               	movwf	_counter_value
   922     0166                     i1l24:	
   923                           ;main.c: 34:         }
   924                           
   925                           
   926                           ;main.c: 35:         INTCONbits.INTF = 0;
   927     0166  108B               	bcf	11,1	;volatile
   928                           
   929                           ;main.c: 36:         INTCONbits.GIE = 1;
   930     0167  178B               	bsf	11,7	;volatile
   931     0168                     i1l25:
   932     0168  080D               	movf	??_isr+1,w
   933     0169  008A               	movwf	10
   934     016A  0E0C               	swapf	??_isr,w
   935     016B  0083               	movwf	3
   936     016C  0ECE               	swapf	btemp,f
   937     016D  0E4E               	swapf	btemp,w
   938     016E  0009               	retfie
   939     016F                     __end_of_isr:
   940     0000                     ___latbits      equ	0
   941     004E                     btemp           set	78	;btemp
   942     004E                     wtemp0          set	78
   943                           
   944                           	psect	intentry
   945     0004                     __pintentry:	
   946                           ;incstack = 0
   947                           ; Regs used in _isr: [wreg+status,2+status,0]
   948                           
   949     0004                     interrupt_function:
   950     004E                     saved_w         set	btemp
   951     0004  00CE               	movwf	btemp
   952     0005  0E03               	swapf	3,w
   953     0006  1283               	bcf	3,5	;RP0=0, select bank0
   954     0007  008C               	movwf	??_isr
   955     0008  080A               	movf	10,w
   956     0009  008D               	movwf	??_isr+1
   957     000A  2954               	ljmp	_isr
   958                           
   959                           	psect	config
   960                           
   961                           ;Config register CONFIG @ 0x2007
   962                           ;	Oscillator Selection bits
   963                           ;	FOSC = XT, XT oscillator
   964                           ;	Watchdog Timer
   965                           ;	WDTE = ON, WDT enabled
   966                           ;	Power-up Timer Enable bit
   967                           ;	PWRTE = OFF, Power-up Timer is disabled
   968                           ;	Code Protection bit
   969                           ;	CP = OFF, Code protection disabled
   970     2007                     	org	8199
   971     2007  3FFD               	dw	16381

Data Sizes:
    Strings     0
    Constant    0
    Data        1
    BSS         1
    Persistent  0
    Stack       0

Auto Spaces:
    Space          Size  Autos    Used
    COMMON            0      0       0
    BANK0            66     11      13

Pointer List with Targets:

    None.

Critical Paths under _main in COMMON

    None.

Critical Paths under _isr in COMMON

    None.

Critical Paths under _main in BANK0

    _main->_triggerCountdown
    _triggerCountdown->_showNumber

Critical Paths under _isr in BANK0

    None.

Call Graph Tables:

 ---------------------------------------------------------------------------------
 (Depth) Function   	        Calls       Base Space   Used Autos Params    Refs
 ---------------------------------------------------------------------------------
 (0) _main                                                 3     3      0     232
                                              8 BANK0      3     3      0
                         _showNumber
                   _triggerCountdown
 ---------------------------------------------------------------------------------
 (1) _triggerCountdown                                     3     3      0     116
                                              5 BANK0      3     3      0
                         _showNumber
 ---------------------------------------------------------------------------------
 (2) _showNumber                                           3     3      0     116
                                              2 BANK0      3     3      0
 ---------------------------------------------------------------------------------
 Estimated maximum stack depth 2
 ---------------------------------------------------------------------------------
 (Depth) Function   	        Calls       Base Space   Used Autos Params    Refs
 ---------------------------------------------------------------------------------
 (3) _isr                                                  2     2      0       0
                                              0 BANK0      2     2      0
 ---------------------------------------------------------------------------------
 Estimated maximum stack depth 3
 ---------------------------------------------------------------------------------

 Call Graph Graphs:

 _main (ROOT)
   _showNumber
   _triggerCountdown
     _showNumber

 _isr (ROOT)

Address spaces:
Name               Size   Autos  Total    Usage
BANK0               66     11      13     19.7%
BITBANK0            66      0       0      0.0%
COMMON               0      0       0      0.0%
BITCOMMON            0      0       0      0.0%
DATA                 0      0      13      0.0%
STACK                0      0       0      0.0%


Microchip Technology PIC Macro Assembler V2.50 build 20240725155939 
Symbol Table                                                                                   Tue Oct 15 13:00:05 2024

                      l31 00C5                        l40 0115                        l32 010A  
                      l34 0109                        l35 0101                        l28 0153  
                      l36 00FE                        l37 0106                        l38 0117  
                      l39 010F                       l703 011A                       l711 00CC  
                     l721 00EB                       l713 00CE                       l705 00C5  
                     l801 008B                       l731 00FB                       l723 00EE  
                     l715 00D0                       l707 00C8                       l803 0096  
                     l811 00B8                       l725 00F3                       l717 00DD  
                     l709 00C9                       l805 00A1                       l727 00F7  
                     l719 00DF                       l807 00AC                       l751 0017  
                     l743 0011                       l729 00F9                       l809 00B7  
                     l761 001D                       l753 0018                       l745 0013  
                     l771 0034                       l763 001E                       l755 0019  
                     l747 0015                       l781 0053                       l773 003D  
                     l765 0027                       l757 001A                       l749 0016  
                     l791 006E                       l783 0055                       l775 003F  
                     l767 0029                       l759 001B                       l793 0071  
                     l785 005E                       l777 0048                       l769 0032  
                     l795 0076                       l787 0060                       l779 004A  
                     l797 0077                       l789 006C                       l799 0080  
                     u140 00F3                       u220 0076                       u125 0131  
                     u141 00F2                       u221 0075                       u150 00F7  
                     u135 0143                       u151 00F6                       u160 0106  
                     u161 0105                       u170 010F                       u171 010E  
                     u307 007B                       u180 0115                       u181 0114  
                     u317 0086                       u237 0022                       u327 0091  
                     u247 002D                       u337 009C                       u257 0038  
                     u347 00A7                       u267 0043                       u357 00B2  
                     u277 004E                       u367 00BD                       u287 0059  
                     u377 00D6                       u297 0066                       u387 00E5  
                     _isr 0154                      ?_isr 000C                      i1l24 0166  
                    i1l25 0168                      _main 0011                      btemp 004E  
                    start 000B                     ??_isr 000C                     ?_main 000C  
                   i1l741 0164                     i1l733 0154                     i1l735 0158  
                   i1l737 015C                     i1l739 015D                     u20_20 015C  
                   u20_21 015B                     u21_20 0164                     u21_21 0163  
                   u19_20 0158                     u19_21 0157                     _TRISA 0085  
                   _TRISB 0086                     pclath 000A                     status 0003  
                   wtemp0 004E           __initialization 000C              __end_of_main 00C5  
                  ??_main 0014             _counter_value 0018                    saved_w 004E  
       ?_triggerCountdown 000C   __end_of__initialization 000F        ??_triggerCountdown 0011  
            __pidataBANK0 016F            _OPTION_REGbits 0081                __pbssBANK0 0017  
              __pmaintext 0011                __pintentry 0004                   __ptext1 00C5  
                 __ptext2 0118                   __ptext3 0154                   _counter 0017  
    end_of_initialization 000F                _showNumber 0118                 _PORTAbits 0005  
               _PORTBbits 0006               showNumber@n 0010       start_initialization 000C  
             __end_of_isr 016F               __pdataBANK0 0018               ?_showNumber 000C  
               ___latbits 0000             __pcstackBANK0 000C         interrupt_function 0004  
        _triggerCountdown 00C5              ??_showNumber 000E                _INTCONbits 000B  
                intlevel1 0000        __end_of_showNumber 0154  __end_of_triggerCountdown 0118  
