

Microchip MPLAB XC8 Assembler V2.50 build 20240725155939 
                                                                                               Thu Nov 14 10:34:45 2024

Microchip MPLAB XC8 C Compiler v2.50 (Free license) build 20240725155939 Og1 
     1                           	processor	16F877A
     2                           	pagewidth 120
     3                           	opt	flic
     4                           	psect	idataBANK0,global,class=CODE,space=0,delta=2,noexec
     5                           	psect	strings,global,class=STRING,space=0,delta=2,noexec
     6                           	psect	cinit,global,class=CODE,space=0,merge=1,delta=2
     7                           	psect	bssBANK0,global,class=BANK0,space=1,delta=1,noexec
     8                           	psect	dataBANK0,global,class=BANK0,space=1,delta=1,noexec
     9                           	psect	cstackCOMMON,global,class=COMMON,space=1,delta=1,noexec
    10                           	psect	cstackBANK0,global,class=BANK0,space=1,delta=1,noexec
    11                           	psect	maintext,global,class=CODE,space=0,split=1,delta=2
    12                           	psect	text1,local,class=CODE,space=0,merge=1,delta=2
    13                           	psect	text2,local,class=CODE,space=0,merge=1,delta=2
    14                           	psect	text3,local,class=CODE,space=0,merge=1,delta=2
    15                           	psect	text4,local,class=CODE,space=0,merge=1,delta=2
    16                           	psect	text5,local,class=CODE,space=0,merge=1,delta=2
    17                           	psect	config,global,abs,ovrld,class=CONFIG,space=4,delta=2,noexec
    18                           	dabs	1,0x7E,2
    19     0000                     
    20                           ; Generated 12/10/2023 GMT
    21                           ; 
    22                           ; Copyright © 2023, Microchip Technology Inc. and its subsidiaries ("Microchip")
    23                           ; All rights reserved.
    24                           ; 
    25                           ; This software is developed by Microchip Technology Inc. and its subsidiaries ("Microch
      +                          ip").
    26                           ; 
    27                           ; Redistribution and use in source and binary forms, with or without modification, are
    28                           ; permitted provided that the following conditions are met:
    29                           ; 
    30                           ;     1. Redistributions of source code must retain the above copyright notice, this lis
      +                          t of
    31                           ;        conditions and the following disclaimer.
    32                           ; 
    33                           ;     2. Redistributions in binary form must reproduce the above copyright notice, this 
      +                          list
    34                           ;        of conditions and the following disclaimer in the documentation and/or other
    35                           ;        materials provided with the distribution. Publication is not required when
    36                           ;        this file is used in an embedded application.
    37                           ; 
    38                           ;     3. Microchip's name may not be used to endorse or promote products derived from th
      +                          is
    39                           ;        software without specific prior written permission.
    40                           ; 
    41                           ; THIS SOFTWARE IS PROVIDED BY MICROCHIP "AS IS" AND ANY EXPRESS OR IMPLIED WARRANTIES,
    42                           ; INCLUDING, BUT NOT LIMITED TO, THE IMPLIED WARRANTIES OF MERCHANTABILITY AND FITNESS F
      +                          OR
    43                           ; PURPOSE ARE DISCLAIMED.  IN NO EVENT SHALL MICROCHIP BE LIABLE FOR ANY DIRECT, INDIREC
      +                          T,
    44                           ; INCIDENTAL, SPECIAL, EXEMPLARY, OR CONSEQUENTIAL DAMAGES (INCLUDING BUT NOT LIMITED TO
    45                           ; PROCUREMENT OF SUBSTITUTE GOODS OR SERVICES; LOSS OF USE, DATA OR PROFITS; OR BUSINESS
    46                           ; INTERRUPTION) HOWSOEVER CAUSED AND ON ANY THEORY OF LIABILITY, WHETHER IN CONTRACT, ST
      +                          RICT
    47                           ; LIABILITY, OR TORT (INCLUDING NEGLIGENCE OR OTHERWISE) ARISING IN ANY WAY OUT OF THE U
      +                          SE OF
    48                           ; THIS SOFTWARE, EVEN IF ADVISED OF THE POSSIBILITY OF SUCH DAMAGE.
    49                           ; 
    50                           ; 
    51                           ; Code-generator required, PIC16F877A Definitions
    52                           ; 
    53                           ; SFR Addresses
    54     0004                     fsr             equ	4
    55     0004                     fsr0            equ	4
    56     0000                     indf            equ	0
    57     0000                     indf0           equ	0
    58     0002                     pc              equ	2
    59     0002                     pcl             equ	2
    60     000A                     pclath          equ	10
    61     0003                     status          equ	3
    62     0000                     INDF            equ	0	;# 
    63     0001                     TMR0            equ	1	;# 
    64     0002                     PCL             equ	2	;# 
    65     0003                     STATUS          equ	3	;# 
    66     0004                     FSR             equ	4	;# 
    67     0005                     PORTA           equ	5	;# 
    68     0006                     PORTB           equ	6	;# 
    69     0007                     PORTC           equ	7	;# 
    70     0008                     PORTD           equ	8	;# 
    71     0009                     PORTE           equ	9	;# 
    72     000A                     PCLATH          equ	10	;# 
    73     000B                     INTCON          equ	11	;# 
    74     000C                     PIR1            equ	12	;# 
    75     000D                     PIR2            equ	13	;# 
    76     000E                     TMR1            equ	14	;# 
    77     000E                     TMR1L           equ	14	;# 
    78     000F                     TMR1H           equ	15	;# 
    79     0010                     T1CON           equ	16	;# 
    80     0011                     TMR2            equ	17	;# 
    81     0012                     T2CON           equ	18	;# 
    82     0013                     SSPBUF          equ	19	;# 
    83     0014                     SSPCON          equ	20	;# 
    84     0015                     CCPR1           equ	21	;# 
    85     0015                     CCPR1L          equ	21	;# 
    86     0016                     CCPR1H          equ	22	;# 
    87     0017                     CCP1CON         equ	23	;# 
    88     0018                     RCSTA           equ	24	;# 
    89     0019                     TXREG           equ	25	;# 
    90     001A                     RCREG           equ	26	;# 
    91     001B                     CCPR2           equ	27	;# 
    92     001B                     CCPR2L          equ	27	;# 
    93     001C                     CCPR2H          equ	28	;# 
    94     001D                     CCP2CON         equ	29	;# 
    95     001E                     ADRESH          equ	30	;# 
    96     001F                     ADCON0          equ	31	;# 
    97     0081                     OPTION_REG      equ	129	;# 
    98     0085                     TRISA           equ	133	;# 
    99     0086                     TRISB           equ	134	;# 
   100     0087                     TRISC           equ	135	;# 
   101     0088                     TRISD           equ	136	;# 
   102     0089                     TRISE           equ	137	;# 
   103     008C                     PIE1            equ	140	;# 
   104     008D                     PIE2            equ	141	;# 
   105     008E                     PCON            equ	142	;# 
   106     0091                     SSPCON2         equ	145	;# 
   107     0092                     PR2             equ	146	;# 
   108     0093                     SSPADD          equ	147	;# 
   109     0094                     SSPSTAT         equ	148	;# 
   110     0098                     TXSTA           equ	152	;# 
   111     0099                     SPBRG           equ	153	;# 
   112     009C                     CMCON           equ	156	;# 
   113     009D                     CVRCON          equ	157	;# 
   114     009E                     ADRESL          equ	158	;# 
   115     009F                     ADCON1          equ	159	;# 
   116     010C                     EEDATA          equ	268	;# 
   117     010D                     EEADR           equ	269	;# 
   118     010E                     EEDATH          equ	270	;# 
   119     010F                     EEADRH          equ	271	;# 
   120     018C                     EECON1          equ	396	;# 
   121     018D                     EECON2          equ	397	;# 
   122     0000                     INDF            equ	0	;# 
   123     0001                     TMR0            equ	1	;# 
   124     0002                     PCL             equ	2	;# 
   125     0003                     STATUS          equ	3	;# 
   126     0004                     FSR             equ	4	;# 
   127     0005                     PORTA           equ	5	;# 
   128     0006                     PORTB           equ	6	;# 
   129     0007                     PORTC           equ	7	;# 
   130     0008                     PORTD           equ	8	;# 
   131     0009                     PORTE           equ	9	;# 
   132     000A                     PCLATH          equ	10	;# 
   133     000B                     INTCON          equ	11	;# 
   134     000C                     PIR1            equ	12	;# 
   135     000D                     PIR2            equ	13	;# 
   136     000E                     TMR1            equ	14	;# 
   137     000E                     TMR1L           equ	14	;# 
   138     000F                     TMR1H           equ	15	;# 
   139     0010                     T1CON           equ	16	;# 
   140     0011                     TMR2            equ	17	;# 
   141     0012                     T2CON           equ	18	;# 
   142     0013                     SSPBUF          equ	19	;# 
   143     0014                     SSPCON          equ	20	;# 
   144     0015                     CCPR1           equ	21	;# 
   145     0015                     CCPR1L          equ	21	;# 
   146     0016                     CCPR1H          equ	22	;# 
   147     0017                     CCP1CON         equ	23	;# 
   148     0018                     RCSTA           equ	24	;# 
   149     0019                     TXREG           equ	25	;# 
   150     001A                     RCREG           equ	26	;# 
   151     001B                     CCPR2           equ	27	;# 
   152     001B                     CCPR2L          equ	27	;# 
   153     001C                     CCPR2H          equ	28	;# 
   154     001D                     CCP2CON         equ	29	;# 
   155     001E                     ADRESH          equ	30	;# 
   156     001F                     ADCON0          equ	31	;# 
   157     0081                     OPTION_REG      equ	129	;# 
   158     0085                     TRISA           equ	133	;# 
   159     0086                     TRISB           equ	134	;# 
   160     0087                     TRISC           equ	135	;# 
   161     0088                     TRISD           equ	136	;# 
   162     0089                     TRISE           equ	137	;# 
   163     008C                     PIE1            equ	140	;# 
   164     008D                     PIE2            equ	141	;# 
   165     008E                     PCON            equ	142	;# 
   166     0091                     SSPCON2         equ	145	;# 
   167     0092                     PR2             equ	146	;# 
   168     0093                     SSPADD          equ	147	;# 
   169     0094                     SSPSTAT         equ	148	;# 
   170     0098                     TXSTA           equ	152	;# 
   171     0099                     SPBRG           equ	153	;# 
   172     009C                     CMCON           equ	156	;# 
   173     009D                     CVRCON          equ	157	;# 
   174     009E                     ADRESL          equ	158	;# 
   175     009F                     ADCON1          equ	159	;# 
   176     010C                     EEDATA          equ	268	;# 
   177     010D                     EEADR           equ	269	;# 
   178     010E                     EEDATH          equ	270	;# 
   179     010F                     EEADRH          equ	271	;# 
   180     018C                     EECON1          equ	396	;# 
   181     018D                     EECON2          equ	397	;# 
   182     0000                     INDF            equ	0	;# 
   183     0001                     TMR0            equ	1	;# 
   184     0002                     PCL             equ	2	;# 
   185     0003                     STATUS          equ	3	;# 
   186     0004                     FSR             equ	4	;# 
   187     0005                     PORTA           equ	5	;# 
   188     0006                     PORTB           equ	6	;# 
   189     0007                     PORTC           equ	7	;# 
   190     0008                     PORTD           equ	8	;# 
   191     0009                     PORTE           equ	9	;# 
   192     000A                     PCLATH          equ	10	;# 
   193     000B                     INTCON          equ	11	;# 
   194     000C                     PIR1            equ	12	;# 
   195     000D                     PIR2            equ	13	;# 
   196     000E                     TMR1            equ	14	;# 
   197     000E                     TMR1L           equ	14	;# 
   198     000F                     TMR1H           equ	15	;# 
   199     0010                     T1CON           equ	16	;# 
   200     0011                     TMR2            equ	17	;# 
   201     0012                     T2CON           equ	18	;# 
   202     0013                     SSPBUF          equ	19	;# 
   203     0014                     SSPCON          equ	20	;# 
   204     0015                     CCPR1           equ	21	;# 
   205     0015                     CCPR1L          equ	21	;# 
   206     0016                     CCPR1H          equ	22	;# 
   207     0017                     CCP1CON         equ	23	;# 
   208     0018                     RCSTA           equ	24	;# 
   209     0019                     TXREG           equ	25	;# 
   210     001A                     RCREG           equ	26	;# 
   211     001B                     CCPR2           equ	27	;# 
   212     001B                     CCPR2L          equ	27	;# 
   213     001C                     CCPR2H          equ	28	;# 
   214     001D                     CCP2CON         equ	29	;# 
   215     001E                     ADRESH          equ	30	;# 
   216     001F                     ADCON0          equ	31	;# 
   217     0081                     OPTION_REG      equ	129	;# 
   218     0085                     TRISA           equ	133	;# 
   219     0086                     TRISB           equ	134	;# 
   220     0087                     TRISC           equ	135	;# 
   221     0088                     TRISD           equ	136	;# 
   222     0089                     TRISE           equ	137	;# 
   223     008C                     PIE1            equ	140	;# 
   224     008D                     PIE2            equ	141	;# 
   225     008E                     PCON            equ	142	;# 
   226     0091                     SSPCON2         equ	145	;# 
   227     0092                     PR2             equ	146	;# 
   228     0093                     SSPADD          equ	147	;# 
   229     0094                     SSPSTAT         equ	148	;# 
   230     0098                     TXSTA           equ	152	;# 
   231     0099                     SPBRG           equ	153	;# 
   232     009C                     CMCON           equ	156	;# 
   233     009D                     CVRCON          equ	157	;# 
   234     009E                     ADRESL          equ	158	;# 
   235     009F                     ADCON1          equ	159	;# 
   236     010C                     EEDATA          equ	268	;# 
   237     010D                     EEADR           equ	269	;# 
   238     010E                     EEDATH          equ	270	;# 
   239     010F                     EEADRH          equ	271	;# 
   240     018C                     EECON1          equ	396	;# 
   241     018D                     EECON2          equ	397	;# 
   242                           
   243                           	psect	idataBANK0
   244     04B4                     __pidataBANK0:
   245                           
   246                           ;initializer for main@F1029
   247     04B4  3405               	retlw	5
   248     04B5  3400               	retlw	0
   249     04B6  3408               	retlw	8
   250     04B7  341A               	retlw	26
   251     04B8  342C               	retlw	44
   252     0009                     _PORTE          set	9
   253     0008                     _PORTD          set	8
   254     0007                     _PORTC          set	7
   255     0006                     _PORTB          set	6
   256     0005                     _PORTA          set	5
   257     009C                     _CMCONbits      set	156
   258     009F                     _ADCON1bits     set	159
   259     0089                     _TRISE          set	137
   260     0088                     _TRISD          set	136
   261     0087                     _TRISC          set	135
   262     0086                     _TRISB          set	134
   263     0085                     _TRISA          set	133
   264                           
   265                           	psect	strings
   266     0003                     __pstrings:
   267     0003                     stringtab:
   268     0003                     __stringtab:
   269     0003                     stringcode:	
   270                           ;	String table - string pointers are 1 byte each
   271                           
   272     0003                     stringdir:
   273     0003  3000               	movlw	high stringdir
   274     0004  008A               	movwf	10
   275     0005  0804               	movf	4,w
   276     0006  0A84               	incf	4,f
   277     0007  0782               	addwf	2,f
   278     0008                     __stringbase:
   279     0008  3400               	retlw	0
   280     0009                     __end_of__stringtab:
   281     0009                     STR_1:
   282     0009  3420               	retlw	32	;' '
   283     000A  3420               	retlw	32	;' '
   284     000B  3448               	retlw	72	;'H'
   285     000C  3445               	retlw	69	;'E'
   286     000D  344C               	retlw	76	;'L'
   287     000E  344C               	retlw	76	;'L'
   288     000F  344F               	retlw	79	;'O'
   289     0010  3420               	retlw	32	;' '
   290     0011  3457               	retlw	87	;'W'
   291     0012  344F               	retlw	79	;'O'
   292     0013  3452               	retlw	82	;'R'
   293     0014  344C               	retlw	76	;'L'
   294     0015  3444               	retlw	68	;'D'
   295     0016  3421               	retlw	33	;'!'
   296     0017  3420               	retlw	32	;' '
   297     0018  3420               	retlw	32	;' '
   298     0019  3400               	retlw	0
   299                           
   300                           	psect	cinit
   301     07D9                     start_initialization:	
   302                           ; #config settings
   303                           
   304     07D9                     __initialization:
   305                           
   306                           ; Initialize objects allocated to BANK0
   307     07D9  120A  118A  24B4  120A  118A  	fcall	__pidataBANK0	;fetch initializer
   308     07DE  00AE               	movwf	__pdataBANK0& (0+127)
   309     07DF  120A  118A  24B5  120A  118A  	fcall	__pidataBANK0+1	;fetch initializer
   310     07E4  00AF               	movwf	(__pdataBANK0+1)& (0+127)
   311     07E5  120A  118A  24B6  120A  118A  	fcall	__pidataBANK0+2	;fetch initializer
   312     07EA  00B0               	movwf	(__pdataBANK0+2)& (0+127)
   313     07EB  120A  118A  24B7  120A  118A  	fcall	__pidataBANK0+3	;fetch initializer
   314     07F0  00B1               	movwf	(__pdataBANK0+3)& (0+127)
   315     07F1  120A  118A  24B8  120A  118A  	fcall	__pidataBANK0+4	;fetch initializer
   316     07F6  00B2               	movwf	(__pdataBANK0+4)& (0+127)
   317                           
   318                           ; Clear objects allocated to BANK0
   319     07F7  01A9               	clrf	__pbssBANK0& (0+127)
   320     07F8  01AA               	clrf	(__pbssBANK0+1)& (0+127)
   321     07F9  01AB               	clrf	(__pbssBANK0+2)& (0+127)
   322     07FA  01AC               	clrf	(__pbssBANK0+3)& (0+127)
   323     07FB  01AD               	clrf	(__pbssBANK0+4)& (0+127)
   324     07FC                     end_of_initialization:	
   325                           ;End of C runtime variable initialization code
   326                           
   327     07FC                     __end_of__initialization:
   328     07FC  0183               	clrf	3
   329     07FD  120A  118A  2D32   	ljmp	_main	;jump to C main() function
   330                           
   331                           	psect	bssBANK0
   332     0029                     __pbssBANK0:
   333     0029                     _lcd:
   334     0029                     	ds	5
   335                           
   336                           	psect	dataBANK0
   337     002E                     __pdataBANK0:
   338     002E                     main@F1029:
   339     002E                     	ds	5
   340                           
   341                           	psect	cstackCOMMON
   342     0070                     __pcstackCOMMON:
   343     0070                     ?_LCD_Out:
   344     0070                     ?_LCD_Write:	
   345                           ; 1 bytes @ 0x0
   346                           
   347     0070                     ?_LCD_putc:	
   348                           ; 1 bytes @ 0x0
   349                           
   350     0070                     ?_main:	
   351                           ; 1 bytes @ 0x0
   352                           
   353     0070                     ??_LCD_Out:	
   354                           ; 1 bytes @ 0x0
   355                           
   356                           
   357                           ; 1 bytes @ 0x0
   358     0070                     	ds	2
   359     0072                     LCD_Out@c:
   360                           
   361                           ; 1 bytes @ 0x2
   362     0072                     	ds	1
   363     0073                     ??_LCD_Write:
   364     0073                     ??_LCD_putc:	
   365                           ; 1 bytes @ 0x3
   366                           
   367                           
   368                           ; 1 bytes @ 0x3
   369     0073                     	ds	2
   370     0075                     LCD_Write@c:
   371     0075                     LCD_putc@c:	
   372                           ; 1 bytes @ 0x5
   373                           
   374                           
   375                           ; 1 bytes @ 0x5
   376     0075                     	ds	1
   377     0076                     ?_LCD_putrs:
   378     0076                     ?_LCD_Init:	
   379                           ; 1 bytes @ 0x6
   380                           
   381     0076                     LCD_putrs@a:	
   382                           ; 2 bytes @ 0x6
   383                           
   384     0076                     LCD_Init@display:	
   385                           ; 1 bytes @ 0x6
   386                           
   387                           
   388                           ; 5 bytes @ 0x6
   389     0076                     	ds	1
   390     0077                     LCD_putrs@i:
   391     0077                     ??_LCD_putrs:	
   392                           ; 2 bytes @ 0x7
   393                           
   394                           
   395                           ; 1 bytes @ 0x7
   396     0077                     	ds	4
   397     007B                     ??_LCD_Init:
   398                           
   399                           ; 1 bytes @ 0xB
   400     007B                     	ds	2
   401     007D                     LCD_Init@cmd:
   402                           
   403                           ; 1 bytes @ 0xD
   404     007D                     	ds	1
   405                           
   406                           	psect	cstackBANK0
   407     0020                     __pcstackBANK0:
   408     0020                     ??_main:
   409                           
   410                           ; 1 bytes @ 0x0
   411     0020                     	ds	3
   412     0023                     main@lcd:
   413                           
   414                           ; 5 bytes @ 0x3
   415     0023                     	ds	5
   416     0028                     main@c:
   417                           
   418                           ; 1 bytes @ 0x8
   419     0028                     	ds	1
   420                           
   421                           	psect	maintext
   422     0532                     __pmaintext:	
   423 ;;
   424 ;;Main: autosize = 0, tempsize = 3, incstack = 0, save=0
   425 ;;
   426 ;; *************** function _main *****************
   427 ;; Defined at:
   428 ;;		line 23 in file "main.c"
   429 ;; Parameters:    Size  Location     Type
   430 ;;		None
   431 ;; Auto vars:     Size  Location     Type
   432 ;;  c               1    8[BANK0 ] unsigned char 
   433 ;;  lcd             5    3[BANK0 ] struct .
   434 ;; Return value:  Size  Location     Type
   435 ;;                  1    wreg      void 
   436 ;; Registers used:
   437 ;;		wreg, fsr0l, fsr0h, status,2, status,0, pclath, cstack
   438 ;; Tracked objects:
   439 ;;		On entry : B00/0
   440 ;;		On exit  : 0/0
   441 ;;		Unchanged: 0/0
   442 ;; Data sizes:     COMMON   BANK0   BANK1   BANK3   BANK2
   443 ;;      Params:         0       0       0       0       0
   444 ;;      Locals:         0       6       0       0       0
   445 ;;      Temps:          0       3       0       0       0
   446 ;;      Totals:         0       9       0       0       0
   447 ;;Total ram usage:        9 bytes
   448 ;; Hardware stack levels required when called: 3
   449 ;; This function calls:
   450 ;;		_LCD_Init
   451 ;;		_LCD_Write
   452 ;;		_LCD_putc
   453 ;;		_LCD_putrs
   454 ;; This function is called by:
   455 ;;		Startup code after reset
   456 ;; This function uses a non-reentrant model
   457 ;;
   458                           
   459     0532                     _main:	
   460                           ;psect for function _main
   461                           
   462     0532                     l969:	
   463                           ;incstack = 0
   464                           ; Regs used in _main: [wreg-fsr0h+status,2+status,0+pclath+cstack]
   465                           
   466                           
   467                           ;main.c: 25:  ADCON1bits.PCFG = 0b0111;
   468     0532  1683               	bsf	3,5	;RP0=1, select bank1
   469     0533  1303               	bcf	3,6	;RP1=0, select bank1
   470     0534  081F               	movf	31,w	;volatile
   471     0535  39F0               	andlw	-16
   472     0536  3807               	iorlw	7
   473     0537  009F               	movwf	31	;volatile
   474                           
   475                           ;main.c: 26:  CMCONbits.CM = 0b000;
   476     0538  30F8               	movlw	-8
   477     0539  059C               	andwf	28,f	;volatile
   478     053A                     l971:
   479                           
   480                           ;main.c: 28:  LCD lcd = {&PORTA, 0, 1, 2, 3, 4, 5};
   481     053A  3023               	movlw	main@lcd& (0+255)
   482     053B  0084               	movwf	4
   483     053C  1283               	bcf	3,5	;RP0=0, select bank0
   484     053D  1303               	bcf	3,6	;RP1=0, select bank0
   485     053E  082E               	movf	main@F1029,w
   486     053F  1383               	bcf	3,7	;select IRP bank0
   487     0540  0080               	movwf	0
   488     0541  0A84               	incf	4,f
   489     0542  082F               	movf	main@F1029+1,w
   490     0543  0080               	movwf	0
   491     0544  0A84               	incf	4,f
   492     0545  0830               	movf	main@F1029+2,w
   493     0546  0080               	movwf	0
   494     0547  0A84               	incf	4,f
   495     0548  0831               	movf	main@F1029+3,w
   496     0549  0080               	movwf	0
   497     054A  0A84               	incf	4,f
   498     054B  0832               	movf	main@F1029+4,w
   499     054C  0080               	movwf	0
   500     054D                     l973:
   501                           
   502                           ;main.c: 29:     LCD_Init(lcd);
   503     054D  3076               	movlw	LCD_Init@display& (0+255)
   504     054E  0084               	movwf	4
   505     054F  0823               	movf	main@lcd,w
   506     0550  0080               	movwf	0
   507     0551  0A84               	incf	4,f
   508     0552  0824               	movf	main@lcd+1,w
   509     0553  0080               	movwf	0
   510     0554  0A84               	incf	4,f
   511     0555  0825               	movf	main@lcd+2,w
   512     0556  0080               	movwf	0
   513     0557  0A84               	incf	4,f
   514     0558  0826               	movf	main@lcd+3,w
   515     0559  0080               	movwf	0
   516     055A  0A84               	incf	4,f
   517     055B  0827               	movf	main@lcd+4,w
   518     055C  0080               	movwf	0
   519     055D  120A  118A  2710  120A  118A  	fcall	_LCD_Init
   520     0562                     l975:
   521     0562  3000               	movlw	0
   522     0563  120A  118A  24DD  120A  118A  	fcall	_LCD_Write
   523     0568                     l977:
   524     0568  3001               	movlw	1
   525     0569  120A  118A  24DD  120A  118A  	fcall	_LCD_Write
   526     056E                     l981:
   527     056E  300C               	movlw	12
   528     056F  120A  118A  24DD  120A  118A  	fcall	_LCD_Write
   529     0574  3000               	movlw	0
   530     0575  120A  118A  24DD  120A  118A  	fcall	_LCD_Write
   531     057A                     l121:
   532                           
   533                           ;main.c: 34:         LCD_putrs("  HELLO WORLD!  ");
   534     057A  3001               	movlw	(low ((STR_1-__stringbase)| (0+32768)))& (0+255)
   535     057B  00F6               	movwf	LCD_putrs@a
   536     057C  120A  118A  24B9  120A  118A  	fcall	_LCD_putrs
   537     0581                     l989:
   538     0581  300C               	movlw	12
   539     0582  120A  118A  24DD  120A  118A  	fcall	_LCD_Write
   540     0587  3001               	movlw	1
   541     0588  120A  118A  24DD  120A  118A  	fcall	_LCD_Write
   542     058D                     l995:
   543                           
   544                           ;main.c: 37:   for ( char c = 'A'; c < 'Q'; ++c ) {
   545     058D  3041               	movlw	65
   546     058E  1283               	bcf	3,5	;RP0=0, select bank0
   547     058F  1303               	bcf	3,6	;RP1=0, select bank0
   548     0590  00A8               	movwf	main@c
   549     0591                     l1001:
   550                           
   551                           ;main.c: 38:    LCD_putc(c);
   552     0591  0828               	movf	main@c,w
   553     0592  120A  118A  25C2  120A  118A  	fcall	_LCD_putc
   554     0597                     l1003:
   555                           
   556                           ;main.c: 39:    _delay((unsigned long)((300)*(20000000/4000.0)));
   557     0597  3008               	movlw	8
   558     0598  1283               	bcf	3,5	;RP0=0, select bank0
   559     0599  1303               	bcf	3,6	;RP1=0, select bank0
   560     059A  00A2               	movwf	??_main+2
   561     059B  309D               	movlw	157
   562     059C  00A1               	movwf	??_main+1
   563     059D  3005               	movlw	5
   564     059E  00A0               	movwf	??_main
   565     059F                     u617:
   566     059F  0BA0               	decfsz	??_main,f
   567     05A0  2D9F               	goto	u617
   568     05A1  0BA1               	decfsz	??_main+1,f
   569     05A2  2D9F               	goto	u617
   570     05A3  0BA2               	decfsz	??_main+2,f
   571     05A4  2D9F               	goto	u617
   572     05A5                     l1005:
   573                           
   574                           ;main.c: 40:   }
   575     05A5  3001               	movlw	1
   576     05A6  1283               	bcf	3,5	;RP0=0, select bank0
   577     05A7  1303               	bcf	3,6	;RP1=0, select bank0
   578     05A8  07A8               	addwf	main@c,f
   579     05A9                     l1007:
   580     05A9  3051               	movlw	81
   581     05AA  0228               	subwf	main@c,w
   582     05AB  1C03               	skipc
   583     05AC  2DAE               	goto	u601
   584     05AD  2DAF               	goto	u600
   585     05AE                     u601:
   586     05AE  2D91               	goto	l1001
   587     05AF                     u600:
   588     05AF                     l1009:
   589                           
   590                           ;main.c: 41:   _delay((unsigned long)((1000)*(20000000/4000.0)));
   591     05AF  301A               	movlw	26
   592     05B0  1283               	bcf	3,5	;RP0=0, select bank0
   593     05B1  1303               	bcf	3,6	;RP1=0, select bank0
   594     05B2  00A2               	movwf	??_main+2
   595     05B3  305E               	movlw	94
   596     05B4  00A1               	movwf	??_main+1
   597     05B5  306D               	movlw	109
   598     05B6  00A0               	movwf	??_main
   599     05B7                     u627:
   600     05B7  0BA0               	decfsz	??_main,f
   601     05B8  2DB7               	goto	u627
   602     05B9  0BA1               	decfsz	??_main+1,f
   603     05BA  2DB7               	goto	u627
   604     05BB  0BA2               	decfsz	??_main+2,f
   605     05BC  2DB7               	goto	u627
   606     05BD  2DBE               	nop2
   607     05BE  2D62               	goto	l975
   608     05BF  120A  118A  2800   	ljmp	start
   609     05C2                     __end_of_main:
   610                           
   611                           	psect	text1
   612     04B9                     __ptext1:	
   613 ;; *************** function _LCD_putrs *****************
   614 ;; Defined at:
   615 ;;		line 144 in file "lcd.c"
   616 ;; Parameters:    Size  Location     Type
   617 ;;  a               1    6[COMMON] PTR const unsigned char 
   618 ;;		 -> STR_1(17), 
   619 ;; Auto vars:     Size  Location     Type
   620 ;;  i               2    7[COMMON] int 
   621 ;; Return value:  Size  Location     Type
   622 ;;                  1    wreg      void 
   623 ;; Registers used:
   624 ;;		wreg, fsr0l, fsr0h, status,2, status,0, pclath, cstack
   625 ;; Tracked objects:
   626 ;;		On entry : 0/0
   627 ;;		On exit  : 0/0
   628 ;;		Unchanged: 0/0
   629 ;; Data sizes:     COMMON   BANK0   BANK1   BANK3   BANK2
   630 ;;      Params:         1       0       0       0       0
   631 ;;      Locals:         2       0       0       0       0
   632 ;;      Temps:          0       0       0       0       0
   633 ;;      Totals:         3       0       0       0       0
   634 ;;Total ram usage:        3 bytes
   635 ;; Hardware stack levels used: 1
   636 ;; Hardware stack levels required when called: 2
   637 ;; This function calls:
   638 ;;		_LCD_putc
   639 ;; This function is called by:
   640 ;;		_main
   641 ;; This function uses a non-reentrant model
   642 ;;
   643                           
   644     04B9                     _LCD_putrs:	
   645                           ;psect for function _LCD_putrs
   646                           
   647     04B9                     l953:	
   648                           ;incstack = 0
   649                           ; Regs used in _LCD_putrs: [wreg-fsr0h+status,2+status,0+pclath+cstack]
   650                           
   651                           
   652                           ;lcd.c: 146:     for ( int i = 0; a[i] != '\0'; ++i ) {
   653     04B9  01F7               	clrf	LCD_putrs@i
   654     04BA  01F8               	clrf	LCD_putrs@i+1
   655     04BB  2CCF               	goto	l959
   656     04BC                     l955:
   657                           
   658                           ;lcd.c: 147:         LCD_putc(a[i]);
   659     04BC  0877               	movf	LCD_putrs@i,w
   660     04BD  0776               	addwf	LCD_putrs@a,w
   661     04BE  0084               	movwf	4
   662     04BF  120A  118A  2003  120A  118A  	fcall	stringdir
   663     04C4  120A  118A  25C2  120A  118A  	fcall	_LCD_putc
   664     04C9                     l957:
   665                           
   666                           ;lcd.c: 148:     }
   667     04C9  3001               	movlw	1
   668     04CA  07F7               	addwf	LCD_putrs@i,f
   669     04CB  1803               	skipnc
   670     04CC  0AF8               	incf	LCD_putrs@i+1,f
   671     04CD  3000               	movlw	0
   672     04CE  07F8               	addwf	LCD_putrs@i+1,f
   673     04CF                     l959:
   674     04CF  0877               	movf	LCD_putrs@i,w
   675     04D0  0776               	addwf	LCD_putrs@a,w
   676     04D1  0084               	movwf	4
   677     04D2  120A  118A  2003  120A  118A  	fcall	stringdir
   678     04D7  3A00               	xorlw	0
   679     04D8  1D03               	skipz
   680     04D9  2CDB               	goto	u581
   681     04DA  2CDC               	goto	u580
   682     04DB                     u581:
   683     04DB  2CBC               	goto	l955
   684     04DC                     u580:
   685     04DC                     l79:
   686     04DC  0008               	return
   687     04DD                     __end_of_LCD_putrs:
   688                           
   689                           	psect	text2
   690     05C2                     __ptext2:	
   691 ;; *************** function _LCD_putc *****************
   692 ;; Defined at:
   693 ;;		line 119 in file "lcd.c"
   694 ;; Parameters:    Size  Location     Type
   695 ;;  c               1    wreg     unsigned char 
   696 ;; Auto vars:     Size  Location     Type
   697 ;;  c               1    5[COMMON] unsigned char 
   698 ;; Return value:  Size  Location     Type
   699 ;;                  1    wreg      void 
   700 ;; Registers used:
   701 ;;		wreg, fsr0l, fsr0h, status,2, status,0, pclath, cstack
   702 ;; Tracked objects:
   703 ;;		On entry : 0/0
   704 ;;		On exit  : 0/0
   705 ;;		Unchanged: 0/0
   706 ;; Data sizes:     COMMON   BANK0   BANK1   BANK3   BANK2
   707 ;;      Params:         0       0       0       0       0
   708 ;;      Locals:         1       0       0       0       0
   709 ;;      Temps:          2       0       0       0       0
   710 ;;      Totals:         3       0       0       0       0
   711 ;;Total ram usage:        3 bytes
   712 ;; Hardware stack levels used: 1
   713 ;; Hardware stack levels required when called: 1
   714 ;; This function calls:
   715 ;;		_LCD_Out
   716 ;; This function is called by:
   717 ;;		_LCD_putrs
   718 ;;		_main
   719 ;;		_LCD_puts
   720 ;; This function uses a non-reentrant model
   721 ;;
   722                           
   723     05C2                     _LCD_putc:	
   724                           ;psect for function _LCD_putc
   725                           
   726                           
   727                           ;incstack = 0
   728                           ; Regs used in _LCD_putc: [wreg-fsr0h+status,2+status,0+pclath+cstack]
   729                           ;LCD_putc@c stored from wreg
   730     05C2  00F5               	movwf	LCD_putc@c
   731     05C3                     l883:
   732                           
   733                           ;lcd.c: 121:    *(lcd.PORT) |= 1 << lcd.RS;
   734     05C3  1283               	bcf	3,5	;RP0=0, select bank0
   735     05C4  1303               	bcf	3,6	;RP1=0, select bank0
   736     05C5  0829               	movf	_lcd,w
   737     05C6  0084               	movwf	4
   738     05C7  1783               	bsf	3,7
   739     05C8  1C2A               	btfss	_lcd+1,0
   740     05C9  1383               	bcf	3,7
   741     05CA  3001               	movlw	1
   742     05CB  00F3               	movwf	??_LCD_putc
   743     05CC  082B               	movf	_lcd+2,w
   744     05CD  3907               	andlw	7
   745     05CE  3E01               	addlw	1
   746     05CF  2DD2               	goto	u464
   747     05D0                     u465:
   748     05D0  1003               	clrc
   749     05D1  0DF3               	rlf	??_LCD_putc,f
   750     05D2                     u464:
   751     05D2  3EFF               	addlw	-1
   752     05D3  1D03               	skipz
   753     05D4  2DD0               	goto	u465
   754     05D5  0873               	movf	??_LCD_putc,w
   755     05D6  0480               	iorwf	0,f
   756     05D7                     l885:
   757                           
   758                           ;lcd.c: 122:     LCD_Out((c & 0xF0) >> 4);
   759     05D7  0875               	movf	LCD_putc@c,w
   760     05D8  00F3               	movwf	??_LCD_putc
   761     05D9  3004               	movlw	4
   762     05DA                     u475:
   763     05DA  1003               	clrc
   764     05DB  0CF3               	rrf	??_LCD_putc,f
   765     05DC  3EFF               	addlw	-1
   766     05DD  1D03               	skipz
   767     05DE  2DDA               	goto	u475
   768     05DF  0873               	movf	??_LCD_putc,w
   769     05E0  390F               	andlw	15
   770     05E1  120A  118A  2656  120A  118A  	fcall	_LCD_Out
   771     05E6                     l887:
   772                           
   773                           ;lcd.c: 124:     *(lcd.PORT) |= 1 << lcd.EN;
   774     05E6  1283               	bcf	3,5	;RP0=0, select bank0
   775     05E7  1303               	bcf	3,6	;RP1=0, select bank0
   776     05E8  0829               	movf	_lcd,w
   777     05E9  0084               	movwf	4
   778     05EA  1783               	bsf	3,7
   779     05EB  1C2A               	btfss	_lcd+1,0
   780     05EC  1383               	bcf	3,7
   781     05ED  3001               	movlw	1
   782     05EE  00F3               	movwf	??_LCD_putc
   783     05EF  0C2B               	rrf	_lcd+2,w
   784     05F0  00F4               	movwf	??_LCD_putc+1
   785     05F1  0CF4               	rrf	??_LCD_putc+1,f
   786     05F2  0C74               	rrf	??_LCD_putc+1,w
   787     05F3  3907               	andlw	7
   788     05F4  3E01               	addlw	1
   789     05F5  2DF8               	goto	u484
   790     05F6                     u485:
   791     05F6  1003               	clrc
   792     05F7  0DF3               	rlf	??_LCD_putc,f
   793     05F8                     u484:
   794     05F8  3EFF               	addlw	-1
   795     05F9  1D03               	skipz
   796     05FA  2DF6               	goto	u485
   797     05FB  0873               	movf	??_LCD_putc,w
   798     05FC  0480               	iorwf	0,f
   799     05FD                     l889:
   800                           
   801                           ;lcd.c: 125:     _delay((unsigned long)((40)*(20000000/4000000.0)));
   802     05FD  3042               	movlw	66
   803     05FE  00F3               	movwf	??_LCD_putc
   804     05FF                     u637:
   805     05FF  0BF3               	decfsz	??_LCD_putc,f
   806     0600  2DFF               	goto	u637
   807     0601  0000               	nop
   808     0602                     l891:
   809                           
   810                           ;lcd.c: 126:     *(lcd.PORT) &= ~(1 << lcd.EN);
   811     0602  1283               	bcf	3,5	;RP0=0, select bank0
   812     0603  1303               	bcf	3,6	;RP1=0, select bank0
   813     0604  0829               	movf	_lcd,w
   814     0605  0084               	movwf	4
   815     0606  1783               	bsf	3,7
   816     0607  1C2A               	btfss	_lcd+1,0
   817     0608  1383               	bcf	3,7
   818     0609  3001               	movlw	1
   819     060A  00F3               	movwf	??_LCD_putc
   820     060B  0C2B               	rrf	_lcd+2,w
   821     060C  00F4               	movwf	??_LCD_putc+1
   822     060D  0CF4               	rrf	??_LCD_putc+1,f
   823     060E  0C74               	rrf	??_LCD_putc+1,w
   824     060F  3907               	andlw	7
   825     0610  3E01               	addlw	1
   826     0611  2E14               	goto	u494
   827     0612                     u495:
   828     0612  1003               	clrc
   829     0613  0DF3               	rlf	??_LCD_putc,f
   830     0614                     u494:
   831     0614  3EFF               	addlw	-1
   832     0615  1D03               	skipz
   833     0616  2E12               	goto	u495
   834     0617  0873               	movf	??_LCD_putc,w
   835     0618  3AFF               	xorlw	255
   836     0619  0580               	andwf	0,f
   837     061A                     l893:
   838                           
   839                           ;lcd.c: 128:     LCD_Out(c & 0x0F);
   840     061A  0875               	movf	LCD_putc@c,w
   841     061B  390F               	andlw	15
   842     061C  120A  118A  2656  120A  118A  	fcall	_LCD_Out
   843     0621                     l895:
   844                           
   845                           ;lcd.c: 130:     *(lcd.PORT) |= 1 << lcd.EN;
   846     0621  1283               	bcf	3,5	;RP0=0, select bank0
   847     0622  1303               	bcf	3,6	;RP1=0, select bank0
   848     0623  0829               	movf	_lcd,w
   849     0624  0084               	movwf	4
   850     0625  1783               	bsf	3,7
   851     0626  1C2A               	btfss	_lcd+1,0
   852     0627  1383               	bcf	3,7
   853     0628  3001               	movlw	1
   854     0629  00F3               	movwf	??_LCD_putc
   855     062A  0C2B               	rrf	_lcd+2,w
   856     062B  00F4               	movwf	??_LCD_putc+1
   857     062C  0CF4               	rrf	??_LCD_putc+1,f
   858     062D  0C74               	rrf	??_LCD_putc+1,w
   859     062E  3907               	andlw	7
   860     062F  3E01               	addlw	1
   861     0630  2E33               	goto	u504
   862     0631                     u505:
   863     0631  1003               	clrc
   864     0632  0DF3               	rlf	??_LCD_putc,f
   865     0633                     u504:
   866     0633  3EFF               	addlw	-1
   867     0634  1D03               	skipz
   868     0635  2E31               	goto	u505
   869     0636  0873               	movf	??_LCD_putc,w
   870     0637  0480               	iorwf	0,f
   871                           
   872                           ;lcd.c: 131:     _delay((unsigned long)((40)*(20000000/4000000.0)));
   873     0638  3042               	movlw	66
   874     0639  00F3               	movwf	??_LCD_putc
   875     063A                     u647:
   876     063A  0BF3               	decfsz	??_LCD_putc,f
   877     063B  2E3A               	goto	u647
   878     063C  0000               	nop
   879     063D                     l897:
   880                           
   881                           ;lcd.c: 132:     *(lcd.PORT) &= ~(1 << lcd.EN);
   882     063D  1283               	bcf	3,5	;RP0=0, select bank0
   883     063E  1303               	bcf	3,6	;RP1=0, select bank0
   884     063F  0829               	movf	_lcd,w
   885     0640  0084               	movwf	4
   886     0641  1783               	bsf	3,7
   887     0642  1C2A               	btfss	_lcd+1,0
   888     0643  1383               	bcf	3,7
   889     0644  3001               	movlw	1
   890     0645  00F3               	movwf	??_LCD_putc
   891     0646  0C2B               	rrf	_lcd+2,w
   892     0647  00F4               	movwf	??_LCD_putc+1
   893     0648  0CF4               	rrf	??_LCD_putc+1,f
   894     0649  0C74               	rrf	??_LCD_putc+1,w
   895     064A  3907               	andlw	7
   896     064B  3E01               	addlw	1
   897     064C  2E4F               	goto	u514
   898     064D                     u515:
   899     064D  1003               	clrc
   900     064E  0DF3               	rlf	??_LCD_putc,f
   901     064F                     u514:
   902     064F  3EFF               	addlw	-1
   903     0650  1D03               	skipz
   904     0651  2E4D               	goto	u515
   905     0652  0873               	movf	??_LCD_putc,w
   906     0653  3AFF               	xorlw	255
   907     0654  0580               	andwf	0,f
   908     0655                     l67:
   909     0655  0008               	return
   910     0656                     __end_of_LCD_putc:
   911                           
   912                           	psect	text3
   913     0710                     __ptext3:	
   914 ;; *************** function _LCD_Init *****************
   915 ;; Defined at:
   916 ;;		line 61 in file "lcd.c"
   917 ;; Parameters:    Size  Location     Type
   918 ;;  display         5    6[COMMON] struct .
   919 ;; Auto vars:     Size  Location     Type
   920 ;;  cmd             1   13[COMMON] unsigned char 
   921 ;; Return value:  Size  Location     Type
   922 ;;                  2    6[COMMON] int 
   923 ;; Registers used:
   924 ;;		wreg, fsr0l, fsr0h, status,2, status,0, pclath, cstack
   925 ;; Tracked objects:
   926 ;;		On entry : 0/0
   927 ;;		On exit  : 0/0
   928 ;;		Unchanged: 0/0
   929 ;; Data sizes:     COMMON   BANK0   BANK1   BANK3   BANK2
   930 ;;      Params:         5       0       0       0       0
   931 ;;      Locals:         1       0       0       0       0
   932 ;;      Temps:          2       0       0       0       0
   933 ;;      Totals:         8       0       0       0       0
   934 ;;Total ram usage:        8 bytes
   935 ;; Hardware stack levels used: 1
   936 ;; Hardware stack levels required when called: 2
   937 ;; This function calls:
   938 ;;		_LCD_Write
   939 ;; This function is called by:
   940 ;;		_main
   941 ;; This function uses a non-reentrant model
   942 ;;
   943                           
   944     0710                     _LCD_Init:	
   945                           ;psect for function _LCD_Init
   946                           
   947     0710                     l899:	
   948                           ;incstack = 0
   949                           ; Regs used in _LCD_Init: [wreg-fsr0h+status,2+status,0+pclath+cstack]
   950                           
   951                           
   952                           ;lcd.c: 63:     lcd = display;
   953     0710  3029               	movlw	_lcd& (0+255)
   954     0711  0084               	movwf	4
   955     0712  0876               	movf	LCD_Init@display,w
   956     0713  1383               	bcf	3,7	;select IRP bank0
   957     0714  0080               	movwf	0
   958     0715  0A84               	incf	4,f
   959     0716  0877               	movf	LCD_Init@display+1,w
   960     0717  0080               	movwf	0
   961     0718  0A84               	incf	4,f
   962     0719  0878               	movf	LCD_Init@display+2,w
   963     071A  0080               	movwf	0
   964     071B  0A84               	incf	4,f
   965     071C  0879               	movf	LCD_Init@display+3,w
   966     071D  0080               	movwf	0
   967     071E  0A84               	incf	4,f
   968     071F  087A               	movf	LCD_Init@display+4,w
   969     0720  0080               	movwf	0
   970     0721                     l901:
   971                           
   972                           ;lcd.c: 72:     if ( lcd.PORT == &PORTA ) {
   973     0721  3000               	movlw	0
   974     0722  1283               	bcf	3,5	;RP0=0, select bank0
   975     0723  1303               	bcf	3,6	;RP1=0, select bank0
   976     0724  062A               	xorwf	_lcd+1,w
   977     0725  1D03               	skipz
   978     0726  2F29               	goto	u525
   979     0727  3005               	movlw	5
   980     0728  0629               	xorwf	_lcd,w
   981     0729                     u525:
   982     0729  1D03               	skipz
   983     072A  2F2C               	goto	u521
   984     072B  2F2D               	goto	u520
   985     072C                     u521:
   986     072C  2F31               	goto	l905
   987     072D                     u520:
   988     072D                     l903:
   989                           
   990                           ;lcd.c: 73:         TRISA = 0x00;
   991     072D  1683               	bsf	3,5	;RP0=1, select bank1
   992     072E  1303               	bcf	3,6	;RP1=0, select bank1
   993     072F  0185               	clrf	5	;volatile
   994                           
   995                           ;lcd.c: 74:     }
   996     0730  2F68               	goto	l921
   997     0731                     l905:
   998     0731  3000               	movlw	0
   999     0732  062A               	xorwf	_lcd+1,w
  1000     0733  1D03               	skipz
  1001     0734  2F37               	goto	u535
  1002     0735  3006               	movlw	6
  1003     0736  0629               	xorwf	_lcd,w
  1004     0737                     u535:
  1005     0737  1D03               	skipz
  1006     0738  2F3A               	goto	u531
  1007     0739  2F3B               	goto	u530
  1008     073A                     u531:
  1009     073A  2F3F               	goto	l909
  1010     073B                     u530:
  1011     073B                     l907:
  1012                           
  1013                           ;lcd.c: 76:         TRISB = 0x00;
  1014     073B  1683               	bsf	3,5	;RP0=1, select bank1
  1015     073C  1303               	bcf	3,6	;RP1=0, select bank1
  1016     073D  0186               	clrf	6	;volatile
  1017                           
  1018                           ;lcd.c: 77:     }
  1019     073E  2F68               	goto	l921
  1020     073F                     l909:
  1021     073F  3000               	movlw	0
  1022     0740  062A               	xorwf	_lcd+1,w
  1023     0741  1D03               	skipz
  1024     0742  2F45               	goto	u545
  1025     0743  3007               	movlw	7
  1026     0744  0629               	xorwf	_lcd,w
  1027     0745                     u545:
  1028     0745  1D03               	skipz
  1029     0746  2F48               	goto	u541
  1030     0747  2F49               	goto	u540
  1031     0748                     u541:
  1032     0748  2F4D               	goto	l913
  1033     0749                     u540:
  1034     0749                     l911:
  1035                           
  1036                           ;lcd.c: 79:         TRISC = 0x00;
  1037     0749  1683               	bsf	3,5	;RP0=1, select bank1
  1038     074A  1303               	bcf	3,6	;RP1=0, select bank1
  1039     074B  0187               	clrf	7	;volatile
  1040                           
  1041                           ;lcd.c: 80:     }
  1042     074C  2F68               	goto	l921
  1043     074D                     l913:
  1044     074D  3000               	movlw	0
  1045     074E  062A               	xorwf	_lcd+1,w
  1046     074F  1D03               	skipz
  1047     0750  2F53               	goto	u555
  1048     0751  3008               	movlw	8
  1049     0752  0629               	xorwf	_lcd,w
  1050     0753                     u555:
  1051     0753  1D03               	skipz
  1052     0754  2F56               	goto	u551
  1053     0755  2F57               	goto	u550
  1054     0756                     u551:
  1055     0756  2F5B               	goto	l917
  1056     0757                     u550:
  1057     0757                     l915:
  1058                           
  1059                           ;lcd.c: 83:         TRISD = 0x00;
  1060     0757  1683               	bsf	3,5	;RP0=1, select bank1
  1061     0758  1303               	bcf	3,6	;RP1=0, select bank1
  1062     0759  0188               	clrf	8	;volatile
  1063                           
  1064                           ;lcd.c: 84:     }
  1065     075A  2F68               	goto	l921
  1066     075B                     l917:
  1067     075B  3000               	movlw	0
  1068     075C  062A               	xorwf	_lcd+1,w
  1069     075D  1D03               	skipz
  1070     075E  2F61               	goto	u565
  1071     075F  3009               	movlw	9
  1072     0760  0629               	xorwf	_lcd,w
  1073     0761                     u565:
  1074     0761  1D03               	skipz
  1075     0762  2F64               	goto	u561
  1076     0763  2F65               	goto	u560
  1077     0764                     u561:
  1078     0764  2FD8               	goto	l51
  1079     0765                     u560:
  1080     0765                     l919:
  1081                           
  1082                           ;lcd.c: 86:         TRISE = 0x00;
  1083     0765  1683               	bsf	3,5	;RP0=1, select bank1
  1084     0766  1303               	bcf	3,6	;RP1=0, select bank1
  1085     0767  0189               	clrf	9	;volatile
  1086     0768                     l921:	
  1087                           ;lcd.c: 87:     }
  1088                           
  1089                           
  1090                           ;lcd.c: 94:     _delay((unsigned long)((20)*(20000000/4000.0)));
  1091     0768  3082               	movlw	130
  1092     0769  00FC               	movwf	??_LCD_Init+1
  1093     076A  30DD               	movlw	221
  1094     076B  00FB               	movwf	??_LCD_Init
  1095     076C                     u657:
  1096     076C  0BFB               	decfsz	??_LCD_Init,f
  1097     076D  2F6C               	goto	u657
  1098     076E  0BFC               	decfsz	??_LCD_Init+1,f
  1099     076F  2F6C               	goto	u657
  1100     0770  2F71               	nop2
  1101     0771                     l923:
  1102                           
  1103                           ;lcd.c: 97:     LCD_Write(0x03);
  1104     0771  3003               	movlw	3
  1105     0772  120A  118A  24DD  120A  118A  	fcall	_LCD_Write
  1106     0777                     l925:
  1107                           
  1108                           ;lcd.c: 98:     _delay((unsigned long)((5)*(20000000/4000.0)));
  1109     0777  3021               	movlw	33
  1110     0778  00FC               	movwf	??_LCD_Init+1
  1111     0779  3076               	movlw	118
  1112     077A  00FB               	movwf	??_LCD_Init
  1113     077B                     u667:
  1114     077B  0BFB               	decfsz	??_LCD_Init,f
  1115     077C  2F7B               	goto	u667
  1116     077D  0BFC               	decfsz	??_LCD_Init+1,f
  1117     077E  2F7B               	goto	u667
  1118     077F  0000               	nop
  1119                           
  1120                           ;lcd.c: 99:     LCD_Write(0x03);
  1121     0780  3003               	movlw	3
  1122     0781  120A  118A  24DD  120A  118A  	fcall	_LCD_Write
  1123     0786                     l927:
  1124                           
  1125                           ;lcd.c: 100:     _delay((unsigned long)((16)*(20000000/4000.0)));
  1126     0786  3068               	movlw	104
  1127     0787  00FC               	movwf	??_LCD_Init+1
  1128     0788  30E4               	movlw	228
  1129     0789  00FB               	movwf	??_LCD_Init
  1130     078A                     u677:
  1131     078A  0BFB               	decfsz	??_LCD_Init,f
  1132     078B  2F8A               	goto	u677
  1133     078C  0BFC               	decfsz	??_LCD_Init+1,f
  1134     078D  2F8A               	goto	u677
  1135     078E  0000               	nop
  1136     078F                     l929:
  1137                           
  1138                           ;lcd.c: 101:     LCD_Write(0x03);
  1139     078F  3003               	movlw	3
  1140     0790  120A  118A  24DD  120A  118A  	fcall	_LCD_Write
  1141     0795                     l931:
  1142                           
  1143                           ;lcd.c: 104:     LCD_Write(0x02);
  1144     0795  3002               	movlw	2
  1145     0796  120A  118A  24DD  120A  118A  	fcall	_LCD_Write
  1146     079B                     l933:
  1147     079B  3002               	movlw	2
  1148     079C  120A  118A  24DD  120A  118A  	fcall	_LCD_Write
  1149     07A1                     l935:
  1150     07A1  3008               	movlw	8
  1151     07A2  120A  118A  24DD  120A  118A  	fcall	_LCD_Write
  1152     07A7                     l937:
  1153     07A7  3000               	movlw	0
  1154     07A8  120A  118A  24DD  120A  118A  	fcall	_LCD_Write
  1155     07AD                     l939:
  1156     07AD  3006               	movlw	6
  1157     07AE  120A  118A  24DD  120A  118A  	fcall	_LCD_Write
  1158     07B3                     l941:
  1159     07B3  3008               	movlw	8
  1160     07B4  00FD               	movwf	LCD_Init@cmd
  1161     07B5                     l943:
  1162     07B5  157D               	bsf	LCD_Init@cmd,2
  1163     07B6                     l949:
  1164     07B6  087D               	movf	LCD_Init@cmd,w
  1165     07B7  00FB               	movwf	??_LCD_Init
  1166     07B8  3004               	movlw	4
  1167     07B9                     u575:
  1168     07B9  1003               	clrc
  1169     07BA  0CFB               	rrf	??_LCD_Init,f
  1170     07BB  3EFF               	addlw	-1
  1171     07BC  1D03               	skipz
  1172     07BD  2FB9               	goto	u575
  1173     07BE  087B               	movf	??_LCD_Init,w
  1174     07BF  390F               	andlw	15
  1175     07C0  120A  118A  24DD  120A  118A  	fcall	_LCD_Write
  1176     07C5  087D               	movf	LCD_Init@cmd,w
  1177     07C6  390F               	andlw	15
  1178     07C7  120A  118A  24DD  120A  118A  	fcall	_LCD_Write
  1179     07CC                     l63:	
  1180                           ;lcd.c: 114:     do { LCD_Write( (0x01 & 0xF0) >> 4 ); LCD_Write( 0x01 & 0x0F); } while 
      +                          (0);
  1181                           
  1182     07CC  3000               	movlw	0
  1183     07CD  120A  118A  24DD  120A  118A  	fcall	_LCD_Write
  1184     07D2  3001               	movlw	1
  1185     07D3  120A  118A  24DD  120A  118A  	fcall	_LCD_Write
  1186     07D8                     l51:
  1187     07D8  0008               	return
  1188     07D9                     __end_of_LCD_Init:
  1189                           
  1190                           	psect	text4
  1191     04DD                     __ptext4:	
  1192 ;; *************** function _LCD_Write *****************
  1193 ;; Defined at:
  1194 ;;		line 50 in file "lcd.c"
  1195 ;; Parameters:    Size  Location     Type
  1196 ;;  c               1    wreg     unsigned char 
  1197 ;; Auto vars:     Size  Location     Type
  1198 ;;  c               1    5[COMMON] unsigned char 
  1199 ;; Return value:  Size  Location     Type
  1200 ;;                  1    wreg      void 
  1201 ;; Registers used:
  1202 ;;		wreg, fsr0l, fsr0h, status,2, status,0, pclath, cstack
  1203 ;; Tracked objects:
  1204 ;;		On entry : 0/0
  1205 ;;		On exit  : 0/0
  1206 ;;		Unchanged: 0/0
  1207 ;; Data sizes:     COMMON   BANK0   BANK1   BANK3   BANK2
  1208 ;;      Params:         0       0       0       0       0
  1209 ;;      Locals:         1       0       0       0       0
  1210 ;;      Temps:          2       0       0       0       0
  1211 ;;      Totals:         3       0       0       0       0
  1212 ;;Total ram usage:        3 bytes
  1213 ;; Hardware stack levels used: 1
  1214 ;; Hardware stack levels required when called: 1
  1215 ;; This function calls:
  1216 ;;		_LCD_Out
  1217 ;; This function is called by:
  1218 ;;		_LCD_Init
  1219 ;;		_main
  1220 ;; This function uses a non-reentrant model
  1221 ;;
  1222                           
  1223     04DD                     _LCD_Write:	
  1224                           ;psect for function _LCD_Write
  1225                           
  1226                           
  1227                           ;incstack = 0
  1228                           ; Regs used in _LCD_Write: [wreg-fsr0h+status,2+status,0+pclath+cstack]
  1229                           ;LCD_Write@c stored from wreg
  1230     04DD  00F5               	movwf	LCD_Write@c
  1231     04DE                     l873:
  1232                           
  1233                           ;lcd.c: 52:     *(lcd.PORT) &= ~(1 << lcd.RS);
  1234     04DE  1283               	bcf	3,5	;RP0=0, select bank0
  1235     04DF  1303               	bcf	3,6	;RP1=0, select bank0
  1236     04E0  0829               	movf	_lcd,w
  1237     04E1  0084               	movwf	4
  1238     04E2  1783               	bsf	3,7
  1239     04E3  1C2A               	btfss	_lcd+1,0
  1240     04E4  1383               	bcf	3,7
  1241     04E5  3001               	movlw	1
  1242     04E6  00F3               	movwf	??_LCD_Write
  1243     04E7  082B               	movf	_lcd+2,w
  1244     04E8  3907               	andlw	7
  1245     04E9  3E01               	addlw	1
  1246     04EA  2CED               	goto	u434
  1247     04EB                     u435:
  1248     04EB  1003               	clrc
  1249     04EC  0DF3               	rlf	??_LCD_Write,f
  1250     04ED                     u434:
  1251     04ED  3EFF               	addlw	-1
  1252     04EE  1D03               	skipz
  1253     04EF  2CEB               	goto	u435
  1254     04F0  0873               	movf	??_LCD_Write,w
  1255     04F1  3AFF               	xorlw	255
  1256     04F2  0580               	andwf	0,f
  1257     04F3                     l875:
  1258                           
  1259                           ;lcd.c: 53:     LCD_Out(c);
  1260     04F3  0875               	movf	LCD_Write@c,w
  1261     04F4  120A  118A  2656  120A  118A  	fcall	_LCD_Out
  1262     04F9                     l877:
  1263                           
  1264                           ;lcd.c: 55:     *(lcd.PORT) |= 1 << lcd.EN;
  1265     04F9  1283               	bcf	3,5	;RP0=0, select bank0
  1266     04FA  1303               	bcf	3,6	;RP1=0, select bank0
  1267     04FB  0829               	movf	_lcd,w
  1268     04FC  0084               	movwf	4
  1269     04FD  1783               	bsf	3,7
  1270     04FE  1C2A               	btfss	_lcd+1,0
  1271     04FF  1383               	bcf	3,7
  1272     0500  3001               	movlw	1
  1273     0501  00F3               	movwf	??_LCD_Write
  1274     0502  0C2B               	rrf	_lcd+2,w
  1275     0503  00F4               	movwf	??_LCD_Write+1
  1276     0504  0CF4               	rrf	??_LCD_Write+1,f
  1277     0505  0C74               	rrf	??_LCD_Write+1,w
  1278     0506  3907               	andlw	7
  1279     0507  3E01               	addlw	1
  1280     0508  2D0B               	goto	u444
  1281     0509                     u445:
  1282     0509  1003               	clrc
  1283     050A  0DF3               	rlf	??_LCD_Write,f
  1284     050B                     u444:
  1285     050B  3EFF               	addlw	-1
  1286     050C  1D03               	skipz
  1287     050D  2D09               	goto	u445
  1288     050E  0873               	movf	??_LCD_Write,w
  1289     050F  0480               	iorwf	0,f
  1290     0510                     l879:
  1291                           
  1292                           ;lcd.c: 56:     _delay((unsigned long)((4)*(20000000/4000.0)));
  1293     0510  301A               	movlw	26
  1294     0511  00F4               	movwf	??_LCD_Write+1
  1295     0512  30F8               	movlw	248
  1296     0513  00F3               	movwf	??_LCD_Write
  1297     0514                     u687:
  1298     0514  0BF3               	decfsz	??_LCD_Write,f
  1299     0515  2D14               	goto	u687
  1300     0516  0BF4               	decfsz	??_LCD_Write+1,f
  1301     0517  2D14               	goto	u687
  1302     0518  0000               	nop
  1303     0519                     l881:
  1304                           
  1305                           ;lcd.c: 57:     *(lcd.PORT) &= ~(1 << lcd.EN);
  1306     0519  1283               	bcf	3,5	;RP0=0, select bank0
  1307     051A  1303               	bcf	3,6	;RP1=0, select bank0
  1308     051B  0829               	movf	_lcd,w
  1309     051C  0084               	movwf	4
  1310     051D  1783               	bsf	3,7
  1311     051E  1C2A               	btfss	_lcd+1,0
  1312     051F  1383               	bcf	3,7
  1313     0520  3001               	movlw	1
  1314     0521  00F3               	movwf	??_LCD_Write
  1315     0522  0C2B               	rrf	_lcd+2,w
  1316     0523  00F4               	movwf	??_LCD_Write+1
  1317     0524  0CF4               	rrf	??_LCD_Write+1,f
  1318     0525  0C74               	rrf	??_LCD_Write+1,w
  1319     0526  3907               	andlw	7
  1320     0527  3E01               	addlw	1
  1321     0528  2D2B               	goto	u454
  1322     0529                     u455:
  1323     0529  1003               	clrc
  1324     052A  0DF3               	rlf	??_LCD_Write,f
  1325     052B                     u454:
  1326     052B  3EFF               	addlw	-1
  1327     052C  1D03               	skipz
  1328     052D  2D29               	goto	u455
  1329     052E  0873               	movf	??_LCD_Write,w
  1330     052F  3AFF               	xorlw	255
  1331     0530  0580               	andwf	0,f
  1332     0531                     l38:
  1333     0531  0008               	return
  1334     0532                     __end_of_LCD_Write:
  1335                           
  1336                           	psect	text5
  1337     0656                     __ptext5:	
  1338 ;; *************** function _LCD_Out *****************
  1339 ;; Defined at:
  1340 ;;		line 18 in file "lcd.c"
  1341 ;; Parameters:    Size  Location     Type
  1342 ;;  c               1    wreg     unsigned char 
  1343 ;; Auto vars:     Size  Location     Type
  1344 ;;  c               1    2[COMMON] unsigned char 
  1345 ;; Return value:  Size  Location     Type
  1346 ;;                  1    wreg      void 
  1347 ;; Registers used:
  1348 ;;		wreg, fsr0l, fsr0h, status,2, status,0
  1349 ;; Tracked objects:
  1350 ;;		On entry : 0/0
  1351 ;;		On exit  : 0/0
  1352 ;;		Unchanged: 0/0
  1353 ;; Data sizes:     COMMON   BANK0   BANK1   BANK3   BANK2
  1354 ;;      Params:         0       0       0       0       0
  1355 ;;      Locals:         1       0       0       0       0
  1356 ;;      Temps:          2       0       0       0       0
  1357 ;;      Totals:         3       0       0       0       0
  1358 ;;Total ram usage:        3 bytes
  1359 ;; Hardware stack levels used: 1
  1360 ;; This function calls:
  1361 ;;		Nothing
  1362 ;; This function is called by:
  1363 ;;		_LCD_Write
  1364 ;;		_LCD_putc
  1365 ;; This function uses a non-reentrant model
  1366 ;;
  1367                           
  1368     0656                     _LCD_Out:	
  1369                           ;psect for function _LCD_Out
  1370                           
  1371                           
  1372                           ;incstack = 0
  1373                           ; Regs used in _LCD_Out: [wreg-fsr0h+status,2+status,0]
  1374                           ;LCD_Out@c stored from wreg
  1375     0656  00F2               	movwf	LCD_Out@c
  1376     0657                     l849:
  1377                           
  1378                           ;lcd.c: 20:     if ( c & 1 ){
  1379     0657  1C72               	btfss	LCD_Out@c,0
  1380     0658  2E5A               	goto	u311
  1381     0659  2E5B               	goto	u310
  1382     065A                     u311:
  1383     065A  2E70               	goto	l853
  1384     065B                     u310:
  1385     065B                     l851:
  1386                           
  1387                           ;lcd.c: 21:         *(lcd.PORT) |= 1 << lcd.D4;
  1388     065B  1283               	bcf	3,5	;RP0=0, select bank0
  1389     065C  1303               	bcf	3,6	;RP1=0, select bank0
  1390     065D  0829               	movf	_lcd,w
  1391     065E  0084               	movwf	4
  1392     065F  1783               	bsf	3,7
  1393     0660  1C2A               	btfss	_lcd+1,0
  1394     0661  1383               	bcf	3,7
  1395     0662  3001               	movlw	1
  1396     0663  00F0               	movwf	??_LCD_Out
  1397     0664  082C               	movf	_lcd+3,w
  1398     0665  3907               	andlw	7
  1399     0666  3E01               	addlw	1
  1400     0667  2E6A               	goto	u324
  1401     0668                     u325:
  1402     0668  1003               	clrc
  1403     0669  0DF0               	rlf	??_LCD_Out,f
  1404     066A                     u324:
  1405     066A  3EFF               	addlw	-1
  1406     066B  1D03               	skipz
  1407     066C  2E68               	goto	u325
  1408     066D  0870               	movf	??_LCD_Out,w
  1409     066E  0480               	iorwf	0,f
  1410                           
  1411                           ;lcd.c: 22:     }
  1412     066F  2E85               	goto	l855
  1413     0670                     l853:
  1414                           
  1415                           ;lcd.c: 24:          *(lcd.PORT) &= ~(1 << lcd.D4);
  1416     0670  1283               	bcf	3,5	;RP0=0, select bank0
  1417     0671  1303               	bcf	3,6	;RP1=0, select bank0
  1418     0672  0829               	movf	_lcd,w
  1419     0673  0084               	movwf	4
  1420     0674  1783               	bsf	3,7
  1421     0675  1C2A               	btfss	_lcd+1,0
  1422     0676  1383               	bcf	3,7
  1423     0677  3001               	movlw	1
  1424     0678  00F0               	movwf	??_LCD_Out
  1425     0679  082C               	movf	_lcd+3,w
  1426     067A  3907               	andlw	7
  1427     067B  3E01               	addlw	1
  1428     067C  2E7F               	goto	u334
  1429     067D                     u335:
  1430     067D  1003               	clrc
  1431     067E  0DF0               	rlf	??_LCD_Out,f
  1432     067F                     u334:
  1433     067F  3EFF               	addlw	-1
  1434     0680  1D03               	skipz
  1435     0681  2E7D               	goto	u335
  1436     0682  0870               	movf	??_LCD_Out,w
  1437     0683  3AFF               	xorlw	255
  1438     0684  0580               	andwf	0,f
  1439     0685                     l855:
  1440                           
  1441                           ;lcd.c: 27:     if ( c & 2 ) {
  1442     0685  1CF2               	btfss	LCD_Out@c,1
  1443     0686  2E88               	goto	u341
  1444     0687  2E89               	goto	u340
  1445     0688                     u341:
  1446     0688  2E9F               	goto	l859
  1447     0689                     u340:
  1448     0689                     l857:
  1449                           
  1450                           ;lcd.c: 28:         *(lcd.PORT) |= 1 << lcd.D5;
  1451     0689  0829               	movf	_lcd,w
  1452     068A  0084               	movwf	4
  1453     068B  1783               	bsf	3,7
  1454     068C  1C2A               	btfss	_lcd+1,0
  1455     068D  1383               	bcf	3,7
  1456     068E  3001               	movlw	1
  1457     068F  00F0               	movwf	??_LCD_Out
  1458     0690  0C2C               	rrf	_lcd+3,w
  1459     0691  00F1               	movwf	??_LCD_Out+1
  1460     0692  0CF1               	rrf	??_LCD_Out+1,f
  1461     0693  0C71               	rrf	??_LCD_Out+1,w
  1462     0694  3907               	andlw	7
  1463     0695  3E01               	addlw	1
  1464     0696  2E99               	goto	u354
  1465     0697                     u355:
  1466     0697  1003               	clrc
  1467     0698  0DF0               	rlf	??_LCD_Out,f
  1468     0699                     u354:
  1469     0699  3EFF               	addlw	-1
  1470     069A  1D03               	skipz
  1471     069B  2E97               	goto	u355
  1472     069C  0870               	movf	??_LCD_Out,w
  1473     069D  0480               	iorwf	0,f
  1474                           
  1475                           ;lcd.c: 29:     }
  1476     069E  2EB5               	goto	l861
  1477     069F                     l859:
  1478                           
  1479                           ;lcd.c: 31:         *(lcd.PORT) &= ~(1 << lcd.D5);
  1480     069F  0829               	movf	_lcd,w
  1481     06A0  0084               	movwf	4
  1482     06A1  1783               	bsf	3,7
  1483     06A2  1C2A               	btfss	_lcd+1,0
  1484     06A3  1383               	bcf	3,7
  1485     06A4  3001               	movlw	1
  1486     06A5  00F0               	movwf	??_LCD_Out
  1487     06A6  0C2C               	rrf	_lcd+3,w
  1488     06A7  00F1               	movwf	??_LCD_Out+1
  1489     06A8  0CF1               	rrf	??_LCD_Out+1,f
  1490     06A9  0C71               	rrf	??_LCD_Out+1,w
  1491     06AA  3907               	andlw	7
  1492     06AB  3E01               	addlw	1
  1493     06AC  2EAF               	goto	u364
  1494     06AD                     u365:
  1495     06AD  1003               	clrc
  1496     06AE  0DF0               	rlf	??_LCD_Out,f
  1497     06AF                     u364:
  1498     06AF  3EFF               	addlw	-1
  1499     06B0  1D03               	skipz
  1500     06B1  2EAD               	goto	u365
  1501     06B2  0870               	movf	??_LCD_Out,w
  1502     06B3  3AFF               	xorlw	255
  1503     06B4  0580               	andwf	0,f
  1504     06B5                     l861:
  1505                           
  1506                           ;lcd.c: 34:     if ( c & 4 ) {
  1507     06B5  1D72               	btfss	LCD_Out@c,2
  1508     06B6  2EB8               	goto	u371
  1509     06B7  2EB9               	goto	u370
  1510     06B8                     u371:
  1511     06B8  2ECC               	goto	l865
  1512     06B9                     u370:
  1513     06B9                     l863:
  1514                           
  1515                           ;lcd.c: 35:         *(lcd.PORT) |= 1 << lcd.D6;
  1516     06B9  0829               	movf	_lcd,w
  1517     06BA  0084               	movwf	4
  1518     06BB  1783               	bsf	3,7
  1519     06BC  1C2A               	btfss	_lcd+1,0
  1520     06BD  1383               	bcf	3,7
  1521     06BE  3001               	movlw	1
  1522     06BF  00F0               	movwf	??_LCD_Out
  1523     06C0  082D               	movf	_lcd+4,w
  1524     06C1  3907               	andlw	7
  1525     06C2  3E01               	addlw	1
  1526     06C3  2EC6               	goto	u384
  1527     06C4                     u385:
  1528     06C4  1003               	clrc
  1529     06C5  0DF0               	rlf	??_LCD_Out,f
  1530     06C6                     u384:
  1531     06C6  3EFF               	addlw	-1
  1532     06C7  1D03               	skipz
  1533     06C8  2EC4               	goto	u385
  1534     06C9  0870               	movf	??_LCD_Out,w
  1535     06CA  0480               	iorwf	0,f
  1536                           
  1537                           ;lcd.c: 36:     }
  1538     06CB  2EDF               	goto	l867
  1539     06CC                     l865:
  1540                           
  1541                           ;lcd.c: 38:         *(lcd.PORT) &= ~(1 << lcd.D6);
  1542     06CC  0829               	movf	_lcd,w
  1543     06CD  0084               	movwf	4
  1544     06CE  1783               	bsf	3,7
  1545     06CF  1C2A               	btfss	_lcd+1,0
  1546     06D0  1383               	bcf	3,7
  1547     06D1  3001               	movlw	1
  1548     06D2  00F0               	movwf	??_LCD_Out
  1549     06D3  082D               	movf	_lcd+4,w
  1550     06D4  3907               	andlw	7
  1551     06D5  3E01               	addlw	1
  1552     06D6  2ED9               	goto	u394
  1553     06D7                     u395:
  1554     06D7  1003               	clrc
  1555     06D8  0DF0               	rlf	??_LCD_Out,f
  1556     06D9                     u394:
  1557     06D9  3EFF               	addlw	-1
  1558     06DA  1D03               	skipz
  1559     06DB  2ED7               	goto	u395
  1560     06DC  0870               	movf	??_LCD_Out,w
  1561     06DD  3AFF               	xorlw	255
  1562     06DE  0580               	andwf	0,f
  1563     06DF                     l867:
  1564                           
  1565                           ;lcd.c: 41:     if ( c & 8 ) {
  1566     06DF  1DF2               	btfss	LCD_Out@c,3
  1567     06E0  2EE2               	goto	u401
  1568     06E1  2EE3               	goto	u400
  1569     06E2                     u401:
  1570     06E2  2EF9               	goto	l871
  1571     06E3                     u400:
  1572     06E3                     l869:
  1573                           
  1574                           ;lcd.c: 42:          *(lcd.PORT) |= 1 << lcd.D7;
  1575     06E3  0829               	movf	_lcd,w
  1576     06E4  0084               	movwf	4
  1577     06E5  1783               	bsf	3,7
  1578     06E6  1C2A               	btfss	_lcd+1,0
  1579     06E7  1383               	bcf	3,7
  1580     06E8  3001               	movlw	1
  1581     06E9  00F0               	movwf	??_LCD_Out
  1582     06EA  0C2D               	rrf	_lcd+4,w
  1583     06EB  00F1               	movwf	??_LCD_Out+1
  1584     06EC  0CF1               	rrf	??_LCD_Out+1,f
  1585     06ED  0C71               	rrf	??_LCD_Out+1,w
  1586     06EE  3907               	andlw	7
  1587     06EF  3E01               	addlw	1
  1588     06F0  2EF3               	goto	u414
  1589     06F1                     u415:
  1590     06F1  1003               	clrc
  1591     06F2  0DF0               	rlf	??_LCD_Out,f
  1592     06F3                     u414:
  1593     06F3  3EFF               	addlw	-1
  1594     06F4  1D03               	skipz
  1595     06F5  2EF1               	goto	u415
  1596     06F6  0870               	movf	??_LCD_Out,w
  1597     06F7  0480               	iorwf	0,f
  1598                           
  1599                           ;lcd.c: 43:     }
  1600     06F8  2F0F               	goto	l35
  1601     06F9                     l871:
  1602                           
  1603                           ;lcd.c: 45:          *(lcd.PORT) &= ~(1 << lcd.D7);
  1604     06F9  0829               	movf	_lcd,w
  1605     06FA  0084               	movwf	4
  1606     06FB  1783               	bsf	3,7
  1607     06FC  1C2A               	btfss	_lcd+1,0
  1608     06FD  1383               	bcf	3,7
  1609     06FE  3001               	movlw	1
  1610     06FF  00F0               	movwf	??_LCD_Out
  1611     0700  0C2D               	rrf	_lcd+4,w
  1612     0701  00F1               	movwf	??_LCD_Out+1
  1613     0702  0CF1               	rrf	??_LCD_Out+1,f
  1614     0703  0C71               	rrf	??_LCD_Out+1,w
  1615     0704  3907               	andlw	7
  1616     0705  3E01               	addlw	1
  1617     0706  2F09               	goto	u424
  1618     0707                     u425:
  1619     0707  1003               	clrc
  1620     0708  0DF0               	rlf	??_LCD_Out,f
  1621     0709                     u424:
  1622     0709  3EFF               	addlw	-1
  1623     070A  1D03               	skipz
  1624     070B  2F07               	goto	u425
  1625     070C  0870               	movf	??_LCD_Out,w
  1626     070D  3AFF               	xorlw	255
  1627     070E  0580               	andwf	0,f
  1628     070F                     l35:
  1629     070F  0008               	return
  1630     0710                     __end_of_LCD_Out:
  1631     0002                     ___latbits      equ	2
  1632     007E                     btemp           set	126	;btemp
  1633     007E                     wtemp0          set	126
  1634                           
  1635                           	psect	config
  1636                           
  1637                           ;Config register CONFIG @ 0x2007
  1638                           ;	Oscillator Selection bits
  1639                           ;	FOSC = XT, XT oscillator
  1640                           ;	Watchdog Timer Enable bit
  1641                           ;	WDTE = OFF, WDT disabled
  1642                           ;	Power-up Timer Enable bit
  1643                           ;	PWRTE = OFF, PWRT disabled
  1644                           ;	Brown-out Reset Enable bit
  1645                           ;	BOREN = ON, BOR enabled
  1646                           ;	Low-Voltage (Single-Supply) In-Circuit Serial Programming Enable bit
  1647                           ;	LVP = OFF, RB3 is digital I/O, HV on MCLR must be used for programming
  1648                           ;	Data EEPROM Memory Code Protection bit
  1649                           ;	CPD = OFF, Data EEPROM code protection off
  1650                           ;	Flash Program Memory Write Enable bits
  1651                           ;	WRT = OFF, Write protection off; all program memory may be written to by EECON control
  1652                           ;	In-Circuit Debugger Mode bit
  1653                           ;	DEBUG = OFF, In-Circuit Debugger disabled, RB6 and RB7 are general purpose I/O pins
  1654                           ;	Flash Program Memory Code Protection bit
  1655                           ;	CP = OFF, Code protection off
  1656     2007                     	org	8199
  1657     2007  3F79               	dw	16249

Data Sizes:
    Strings     17
    Constant    0
    Data        5
    BSS         5
    Persistent  0
    Stack       0

Auto Spaces:
    Space          Size  Autos    Used
    COMMON           14     14      14
    BANK0            80      9      19
    BANK1            80      0       0
    BANK3            96      0       0
    BANK2            96      0       0

Pointer List with Targets:

    display$PORT	PTR volatile unsigned char  size(2) Largest target is 1
		 -> PORTA(SFR0[1]), 

    F1029$PORT	PTR volatile unsigned char  size(2) Largest target is 1
		 -> PORTA(SFR0[1]), 

    lcd$PORT	PTR volatile unsigned char  size(2) Largest target is 1
		 -> PORTA(SFR0[1]), 

    LCD_putrs@a	PTR const unsigned char  size(1) Largest target is 17
		 -> STR_1(CODE[17]), 

    S22$PORT	PTR volatile unsigned char  size(2) Largest target is 1
		 -> PORTA(SFR0[1]), 


Critical Paths under _main in COMMON

    _main->_LCD_Init
    _LCD_putrs->_LCD_putc
    _LCD_putc->_LCD_Out
    _LCD_Init->_LCD_Write
    _LCD_Write->_LCD_Out

Critical Paths under _main in BANK0

    None.

Critical Paths under _main in BANK1

    None.

Critical Paths under _main in BANK3

    None.

Critical Paths under _main in BANK2

    None.

Call Graph Tables:

 ---------------------------------------------------------------------------------
 (Depth) Function   	        Calls       Base Space   Used Autos Params    Refs
 ---------------------------------------------------------------------------------
 (0) _main                                                 9     9      0     891
                                              0 BANK0      9     9      0
                           _LCD_Init
                          _LCD_Write
                           _LCD_putc
                          _LCD_putrs
 ---------------------------------------------------------------------------------
 (1) _LCD_putrs                                            3     2      1     265
                                              6 COMMON     3     2      1
                           _LCD_putc
 ---------------------------------------------------------------------------------
 (2) _LCD_putc                                             3     3      0     174
                                              3 COMMON     3     3      0
                            _LCD_Out
 ---------------------------------------------------------------------------------
 (1) _LCD_Init                                             8     3      5     216
                                              6 COMMON     8     3      5
                          _LCD_Write
 ---------------------------------------------------------------------------------
 (1) _LCD_Write                                            3     3      0     145
                                              3 COMMON     3     3      0
                            _LCD_Out
 ---------------------------------------------------------------------------------
 (3) _LCD_Out                                              3     3      0     116
                                              0 COMMON     3     3      0
 ---------------------------------------------------------------------------------
 Estimated maximum stack depth 3
 ---------------------------------------------------------------------------------

 Call Graph Graphs:

 _main (ROOT)
   _LCD_Init
     _LCD_Write
       _LCD_Out
   _LCD_Write
   _LCD_putc
     _LCD_Out
   _LCD_putrs
     _LCD_putc

Address spaces:
Name               Size   Autos  Total    Usage
BANK3               96      0       0      0.0%
BITBANK3            96      0       0      0.0%
BANK2               96      0       0      0.0%
BITBANK2            96      0       0      0.0%
BANK1               80      0       0      0.0%
BITBANK1            80      0       0      0.0%
BANK0               80      9      19     23.8%
BITBANK0            80      0       0      0.0%
COMMON              14     14      14    100.0%
BITCOMMON           14      0       0      0.0%
DATA                 0      0      33      0.0%
STACK                0      0       0      0.0%


Microchip Technology PIC Macro Assembler V2.50 build 20240725155939 
Symbol Table                                                                                   Thu Nov 14 10:34:45 2024

                      pc 0002                       l35 070F                       l51 07D8  
                     l38 0531                       l63 07CC                       l67 0655  
                     l79 04DC                       fsr 0004                      l121 057A  
                    l901 0721                      l911 0749                      l903 072D  
                    l913 074D                      l921 0768                      l905 0731  
                    l851 065B                      l931 0795                      l923 0771  
                    l915 0757                      l907 073B                      l861 06B5  
                    l853 0670                      l941 07B3                      l933 079B  
                    l925 0777                      l917 075B                      l909 073F  
                    l871 06F9                      l863 06B9                      l855 0685  
                    l943 07B5                      l935 07A1                      l927 0786  
                    l919 0765                      l865 06CC                      l857 0689  
                    l849 0657                      l881 0519                      l873 04DE  
                    l937 07A7                      l929 078F                      l953 04B9  
                    l867 06DF                      l859 069F                      l875 04F3  
                    l939 07AD                      l891 0602                      l883 05C3  
                    l955 04BC                      l971 053A                      l869 06E3  
                    l877 04F9                      l949 07B6                      l893 061A  
                    l885 05D7                      l957 04C9                      l981 056E  
                    l973 054D                      l879 0510                      l895 0621  
                    l887 05E6                      l959 04CF                      l975 0562  
                    l897 063D                      l889 05FD                      l977 0568  
                    l969 0532                      l899 0710                      l995 058D  
                    l989 0581                      u310 065B                      u311 065A  
                    u400 06E3                      u401 06E2                      u340 0689  
                    u324 066A                      u341 0688                      u325 0668  
                    u414 06F3                      u334 067F                      u415 06F1  
                    u335 067D                      u424 0709                      u520 072D  
                    u504 0633                      u600 05AF                      u425 0707  
                    u521 072C                      u505 0631                      u601 05AE  
                    u370 06B9                      u354 0699                      u434 04ED  
                    u530 073B                      u514 064F                      u371 06B8  
                    u355 0697                      u435 04EB                      u531 073A  
                    u515 064D                      u364 06AF                      u444 050B  
                    u540 0749                      u365 06AD                      u445 0509  
                    u541 0748                      u525 0729                      u454 052B  
                    u550 0757                      u455 0529                      u551 0756  
                    u535 0737                      u384 06C6                      u560 0765  
                    u464 05D2                      u385 06C4                      u561 0764  
                    u545 0745                      u465 05D0                      u617 059F  
                    u394 06D9                      u395 06D7                      u555 0753  
                    u475 05DA                      u627 05B7                      u484 05F8  
                    u580 04DC                      u565 0761                      u637 05FF  
                    u485 05F6                      u581 04DB                      u494 0614  
                    u575 07B9                      u647 063A                      u495 0612  
                    u657 076C                      u667 077B                      u677 078A  
                    u687 0514          LCD_Init@display 0076                      _lcd 0029  
                    fsr0 0004                      indf 0000          __end_of_LCD_Out 0710  
                   l1001 0591                     l1003 0597                     l1005 05A5  
                   l1007 05A9                     l1009 05AF                     STR_1 0009  
                   _main 0532                     btemp 007E                     start 0000  
            LCD_Init@cmd 007D         __end_of_LCD_Init 07D9         __end_of_LCD_putc 0656  
                  ?_main 0070                    _PORTA 0005                    _PORTB 0006  
                  _PORTC 0007                    _PORTD 0008                    _PORTE 0009  
                  _TRISA 0085                    _TRISB 0086                    _TRISC 0087  
                  _TRISD 0088                    _TRISE 0089                    main@c 0028  
                  pclath 000A                    status 0003                    wtemp0 007E  
        __initialization 07D9             __end_of_main 05C2                   ??_main 0020  
              ??_LCD_Out 0070        __end_of_LCD_Write 0532        __end_of_LCD_putrs 04DD  
__end_of__initialization 07FC                ?_LCD_Init 0076                ?_LCD_putc 0070  
         __pcstackCOMMON 0070             __pidataBANK0 04B4                LCD_putc@c 0075  
             __pbssBANK0 0029               ??_LCD_Init 007B               ??_LCD_putc 0073  
             __pmaintext 0532                  _LCD_Out 0656               __stringtab 0003  
              _CMCONbits 009C                  __ptext1 04B9                  __ptext2 05C2  
                __ptext3 0710                  __ptext4 04DD                  __ptext5 0656  
                main@lcd 0023                _LCD_Write 04DD     end_of_initialization 07FC  
              _LCD_putrs 04B9               ?_LCD_Write 0070               ?_LCD_putrs 0076  
             LCD_Write@c 0075      start_initialization 07D9               LCD_putrs@a 0076  
             LCD_putrs@i 0077              __pdataBANK0 002E                 ?_LCD_Out 0070  
              ___latbits 0002            __pcstackBANK0 0020                 LCD_Out@c 0072  
            ??_LCD_Write 0073              ??_LCD_putrs 0077                __pstrings 0003  
               _LCD_Init 0710                 _LCD_putc 05C2                main@F1029 002E  
            __stringbase 0008               _ADCON1bits 009F       __end_of__stringtab 0009  
              stringcode 0003                 stringdir 0003                 stringtab 0003  
